2026-01-26 10:19:48,940 [INFO] configure_enhanced_logging:584 - ✅ Enhanced cache hand raise logging active
2026-01-26 10:20:07,520 [INFO] <module>:34 - ✅ Cache-only hand raise Redis connected successfully
2026-01-26 10:20:07,520 [INFO] __init__:62 - ✋ Cache-only hand raise manager initialized: Enabled
2026-01-26 10:20:21,403 [INFO] configure_enhanced_logging:584 - ✅ Enhanced cache hand raise logging active
2026-01-26 10:20:28,813 [INFO] <module>:34 - ✅ Cache-only hand raise Redis connected successfully
2026-01-26 10:20:28,814 [INFO] __init__:62 - ✋ Cache-only hand raise manager initialized: Enabled
2026-01-26 12:33:11,790 [INFO] configure_enhanced_logging:584 - ✅ Enhanced cache hand raise logging active
2026-01-26 12:33:29,502 [INFO] <module>:34 - ✅ Cache-only hand raise Redis connected successfully
2026-01-26 12:33:29,503 [INFO] __init__:62 - ✋ Cache-only hand raise manager initialized: Enabled
2026-01-26 12:33:42,750 [INFO] configure_enhanced_logging:584 - ✅ Enhanced cache hand raise logging active
2026-01-26 12:33:50,588 [INFO] <module>:34 - ✅ Cache-only hand raise Redis connected successfully
2026-01-26 12:33:50,589 [INFO] __init__:62 - ✋ Cache-only hand raise manager initialized: Enabled
2026-01-26 12:41:18,502 [INFO] configure_enhanced_logging:584 - ✅ Enhanced cache hand raise logging active
2026-01-26 12:43:35,675 [INFO] configure_enhanced_logging:584 - ✅ Enhanced cache hand raise logging active
2026-01-26 12:43:43,571 [INFO] <module>:34 - ✅ Cache-only hand raise Redis connected successfully
2026-01-26 12:43:43,571 [INFO] __init__:62 - ✋ Cache-only hand raise manager initialized: Enabled
2026-01-26 12:43:54,714 [INFO] configure_enhanced_logging:584 - ✅ Enhanced cache hand raise logging active
2026-01-26 12:44:01,343 [INFO] <module>:34 - ✅ Cache-only hand raise Redis connected successfully
2026-01-26 12:44:01,343 [INFO] __init__:62 - ✋ Cache-only hand raise manager initialized: Enabled
2026-01-26 13:06:15,190 [INFO] configure_enhanced_logging:584 - ✅ Enhanced cache hand raise logging active
2026-01-26 13:06:22,236 [INFO] <module>:34 - ✅ Cache-only hand raise Redis connected successfully
2026-01-26 13:06:22,236 [INFO] __init__:62 - ✋ Cache-only hand raise manager initialized: Enabled
2026-01-26 13:09:59,228 [INFO] configure_enhanced_logging:584 - ✅ Enhanced cache hand raise logging active
2026-01-26 13:10:08,111 [INFO] <module>:34 - ✅ Cache-only hand raise Redis connected successfully
2026-01-26 13:10:08,112 [INFO] __init__:62 - ✋ Cache-only hand raise manager initialized: Enabled
2026-01-26 13:10:18,978 [INFO] configure_enhanced_logging:584 - ✅ Enhanced cache hand raise logging active
2026-01-26 13:10:28,728 [INFO] <module>:34 - ✅ Cache-only hand raise Redis connected successfully
2026-01-26 13:10:28,728 [INFO] __init__:62 - ✋ Cache-only hand raise manager initialized: Enabled
2026-01-26 13:11:29,013 [INFO] configure_enhanced_logging:584 - ✅ Enhanced cache hand raise logging active
2026-01-26 13:11:36,674 [INFO] <module>:34 - ✅ Cache-only hand raise Redis connected successfully
2026-01-26 13:11:36,675 [INFO] __init__:62 - ✋ Cache-only hand raise manager initialized: Enabled
2026-01-26 13:11:48,036 [INFO] configure_enhanced_logging:584 - ✅ Enhanced cache hand raise logging active
2026-01-26 13:11:54,964 [INFO] <module>:34 - ✅ Cache-only hand raise Redis connected successfully
2026-01-26 13:11:54,964 [INFO] __init__:62 - ✋ Cache-only hand raise manager initialized: Enabled
2026-01-26 13:18:49,191 [INFO] configure_enhanced_logging:584 - ✅ Enhanced cache hand raise logging active
2026-01-26 13:18:56,159 [INFO] <module>:34 - ✅ Cache-only hand raise Redis connected successfully
2026-01-26 13:18:56,159 [INFO] __init__:62 - ✋ Cache-only hand raise manager initialized: Enabled
2026-01-26 13:19:06,967 [INFO] configure_enhanced_logging:584 - ✅ Enhanced cache hand raise logging active
2026-01-26 13:19:13,492 [INFO] <module>:34 - ✅ Cache-only hand raise Redis connected successfully
2026-01-26 13:19:13,493 [INFO] __init__:62 - ✋ Cache-only hand raise manager initialized: Enabled
2026-01-26 14:34:24,805 [INFO] configure_enhanced_logging:584 - ✅ Enhanced cache hand raise logging active
2026-01-26 14:34:31,516 [INFO] <module>:34 - ✅ Cache-only hand raise Redis connected successfully
2026-01-26 14:34:31,517 [INFO] __init__:62 - ✋ Cache-only hand raise manager initialized: Enabled
2026-01-26 14:34:41,900 [INFO] configure_enhanced_logging:584 - ✅ Enhanced cache hand raise logging active
2026-01-26 14:34:48,663 [INFO] <module>:34 - ✅ Cache-only hand raise Redis connected successfully
2026-01-26 14:34:48,663 [INFO] __init__:62 - ✋ Cache-only hand raise manager initialized: Enabled
2026-01-26 15:17:37,137 [INFO] configure_enhanced_logging:584 - ✅ Enhanced cache hand raise logging active
2026-01-26 15:17:44,485 [INFO] <module>:34 - ✅ Cache-only hand raise Redis connected successfully
2026-01-26 15:17:44,485 [INFO] __init__:62 - ✋ Cache-only hand raise manager initialized: Enabled
2026-01-26 15:19:27,857 [INFO] configure_enhanced_logging:584 - ✅ Enhanced cache hand raise logging active
2026-01-26 15:19:34,792 [INFO] <module>:34 - ✅ Cache-only hand raise Redis connected successfully
2026-01-26 15:19:34,792 [INFO] __init__:62 - ✋ Cache-only hand raise manager initialized: Enabled
2026-01-26 15:19:57,911 [INFO] configure_enhanced_logging:584 - ✅ Enhanced cache hand raise logging active
2026-01-26 15:20:06,647 [INFO] <module>:34 - ✅ Cache-only hand raise Redis connected successfully
2026-01-26 15:20:06,647 [INFO] __init__:62 - ✋ Cache-only hand raise manager initialized: Enabled
2026-01-26 15:20:17,042 [INFO] configure_enhanced_logging:584 - ✅ Enhanced cache hand raise logging active
2026-01-26 15:20:25,191 [INFO] <module>:34 - ✅ Cache-only hand raise Redis connected successfully
2026-01-26 15:20:25,191 [INFO] __init__:62 - ✋ Cache-only hand raise manager initialized: Enabled
2026-01-27 10:14:30,248 [INFO] configure_enhanced_logging:584 - ✅ Enhanced cache hand raise logging active
2026-01-27 10:14:48,710 [INFO] <module>:34 - ✅ Cache-only hand raise Redis connected successfully
2026-01-27 10:14:48,711 [INFO] __init__:62 - ✋ Cache-only hand raise manager initialized: Enabled
2026-01-27 10:15:02,709 [INFO] configure_enhanced_logging:584 - ✅ Enhanced cache hand raise logging active
2026-01-27 10:15:09,529 [INFO] <module>:34 - ✅ Cache-only hand raise Redis connected successfully
2026-01-27 10:15:09,530 [INFO] __init__:62 - ✋ Cache-only hand raise manager initialized: Enabled
2026-01-27 10:32:32,103 [INFO] configure_enhanced_logging:584 - ✅ Enhanced cache hand raise logging active
2026-01-27 10:32:38,911 [INFO] <module>:34 - ✅ Cache-only hand raise Redis connected successfully
2026-01-27 10:32:38,912 [INFO] __init__:62 - ✋ Cache-only hand raise manager initialized: Enabled
2026-01-27 10:32:49,528 [INFO] configure_enhanced_logging:584 - ✅ Enhanced cache hand raise logging active
2026-01-27 10:32:58,143 [INFO] <module>:34 - ✅ Cache-only hand raise Redis connected successfully
2026-01-27 10:32:58,143 [INFO] __init__:62 - ✋ Cache-only hand raise manager initialized: Enabled
2026-01-27 10:38:10,873 [INFO] configure_enhanced_logging:584 - ✅ Enhanced cache hand raise logging active
2026-01-27 10:38:21,137 [INFO] <module>:34 - ✅ Cache-only hand raise Redis connected successfully
2026-01-27 10:38:21,137 [INFO] __init__:62 - ✋ Cache-only hand raise manager initialized: Enabled
2026-01-27 10:38:32,469 [INFO] configure_enhanced_logging:584 - ✅ Enhanced cache hand raise logging active
2026-01-27 10:38:40,388 [INFO] <module>:34 - ✅ Cache-only hand raise Redis connected successfully
2026-01-27 10:38:40,388 [INFO] __init__:62 - ✋ Cache-only hand raise manager initialized: Enabled
2026-01-27 13:13:11,964 [INFO] end_meeting_hand_raise:351 - 🗑 DELETED all hand raise data for meeting t9ab-it5k-vio
2026-01-27 13:13:11,964 [INFO] end_meeting_hand_raise:352 -    - Final stats: None
2026-01-27 13:13:11,965 [INFO] end_meeting_hand_raise:353 -    - Redis keys deleted: 0
2026-01-27 13:13:16,986 [INFO] start_meeting_hand_raise:100 - ✋ Started cache-only hand raise for meeting: t9ab-it5k-vio
2026-01-27 13:13:18,984 [INFO] start_meeting_hand_raise:100 - ✋ Started cache-only hand raise for meeting: t9ab-it5k-vio
2026-01-27 13:13:20,936 [INFO] start_meeting_hand_raise:100 - ✋ Started cache-only hand raise for meeting: t9ab-it5k-vio
2026-01-27 13:13:22,934 [INFO] start_meeting_hand_raise:100 - ✋ Started cache-only hand raise for meeting: t9ab-it5k-vio
2026-01-27 13:13:24,928 [INFO] start_meeting_hand_raise:100 - ✋ Started cache-only hand raise for meeting: t9ab-it5k-vio
2026-01-27 13:13:27,064 [INFO] start_meeting_hand_raise:100 - ✋ Started cache-only hand raise for meeting: t9ab-it5k-vio
2026-01-27 13:13:28,986 [INFO] start_meeting_hand_raise:100 - ✋ Started cache-only hand raise for meeting: t9ab-it5k-vio
2026-01-27 13:13:31,200 [INFO] start_meeting_hand_raise:100 - ✋ Started cache-only hand raise for meeting: t9ab-it5k-vio
2026-01-27 13:13:32,990 [INFO] start_meeting_hand_raise:100 - ✋ Started cache-only hand raise for meeting: t9ab-it5k-vio
2026-01-27 13:13:34,930 [INFO] start_meeting_hand_raise:100 - ✋ Started cache-only hand raise for meeting: t9ab-it5k-vio
2026-01-27 13:13:36,995 [INFO] start_meeting_hand_raise:100 - ✋ Started cache-only hand raise for meeting: t9ab-it5k-vio
2026-01-27 13:13:39,039 [INFO] start_meeting_hand_raise:100 - ✋ Started cache-only hand raise for meeting: t9ab-it5k-vio
2026-01-27 13:13:40,936 [INFO] start_meeting_hand_raise:100 - ✋ Started cache-only hand raise for meeting: t9ab-it5k-vio
2026-01-27 13:13:43,006 [INFO] start_meeting_hand_raise:100 - ✋ Started cache-only hand raise for meeting: t9ab-it5k-vio
2026-01-27 13:13:45,022 [INFO] start_meeting_hand_raise:100 - ✋ Started cache-only hand raise for meeting: t9ab-it5k-vio
2026-01-27 13:13:46,951 [INFO] start_meeting_hand_raise:100 - ✋ Started cache-only hand raise for meeting: t9ab-it5k-vio
2026-01-27 13:13:48,984 [INFO] start_meeting_hand_raise:100 - ✋ Started cache-only hand raise for meeting: t9ab-it5k-vio
2026-01-27 13:13:50,978 [INFO] start_meeting_hand_raise:100 - ✋ Started cache-only hand raise for meeting: t9ab-it5k-vio
2026-01-27 13:13:52,930 [INFO] start_meeting_hand_raise:100 - ✋ Started cache-only hand raise for meeting: t9ab-it5k-vio
2026-01-27 13:13:54,938 [INFO] start_meeting_hand_raise:100 - ✋ Started cache-only hand raise for meeting: t9ab-it5k-vio
2026-01-27 13:13:56,927 [INFO] start_meeting_hand_raise:100 - ✋ Started cache-only hand raise for meeting: t9ab-it5k-vio
2026-01-27 13:13:58,945 [INFO] start_meeting_hand_raise:100 - ✋ Started cache-only hand raise for meeting: t9ab-it5k-vio
2026-01-27 13:14:00,941 [INFO] start_meeting_hand_raise:100 - ✋ Started cache-only hand raise for meeting: t9ab-it5k-vio
2026-01-27 13:14:02,934 [INFO] start_meeting_hand_raise:100 - ✋ Started cache-only hand raise for meeting: t9ab-it5k-vio
2026-01-27 13:14:04,937 [INFO] start_meeting_hand_raise:100 - ✋ Started cache-only hand raise for meeting: t9ab-it5k-vio
2026-01-27 13:14:07,018 [INFO] start_meeting_hand_raise:100 - ✋ Started cache-only hand raise for meeting: t9ab-it5k-vio
2026-01-27 13:14:09,022 [INFO] start_meeting_hand_raise:100 - ✋ Started cache-only hand raise for meeting: t9ab-it5k-vio
2026-01-27 13:14:11,097 [INFO] start_meeting_hand_raise:100 - ✋ Started cache-only hand raise for meeting: t9ab-it5k-vio
2026-01-27 13:14:13,027 [INFO] start_meeting_hand_raise:100 - ✋ Started cache-only hand raise for meeting: t9ab-it5k-vio
2026-01-27 13:14:14,935 [INFO] start_meeting_hand_raise:100 - ✋ Started cache-only hand raise for meeting: t9ab-it5k-vio
2026-01-27 13:14:17,033 [INFO] start_meeting_hand_raise:100 - ✋ Started cache-only hand raise for meeting: t9ab-it5k-vio
2026-01-27 13:14:18,994 [INFO] start_meeting_hand_raise:100 - ✋ Started cache-only hand raise for meeting: t9ab-it5k-vio
2026-01-27 13:14:21,026 [INFO] start_meeting_hand_raise:100 - ✋ Started cache-only hand raise for meeting: t9ab-it5k-vio
2026-01-27 13:14:23,010 [INFO] start_meeting_hand_raise:100 - ✋ Started cache-only hand raise for meeting: t9ab-it5k-vio
2026-01-27 13:14:25,019 [INFO] start_meeting_hand_raise:100 - ✋ Started cache-only hand raise for meeting: t9ab-it5k-vio
2026-01-27 13:14:26,925 [INFO] start_meeting_hand_raise:100 - ✋ Started cache-only hand raise for meeting: t9ab-it5k-vio
2026-01-27 13:14:28,934 [INFO] start_meeting_hand_raise:100 - ✋ Started cache-only hand raise for meeting: t9ab-it5k-vio
2026-01-27 13:14:30,941 [INFO] start_meeting_hand_raise:100 - ✋ Started cache-only hand raise for meeting: t9ab-it5k-vio
2026-01-27 13:14:33,008 [INFO] start_meeting_hand_raise:100 - ✋ Started cache-only hand raise for meeting: t9ab-it5k-vio
2026-01-27 13:14:34,960 [INFO] start_meeting_hand_raise:100 - ✋ Started cache-only hand raise for meeting: t9ab-it5k-vio
2026-01-27 13:14:36,996 [INFO] start_meeting_hand_raise:100 - ✋ Started cache-only hand raise for meeting: t9ab-it5k-vio
2026-01-27 13:14:38,935 [INFO] start_meeting_hand_raise:100 - ✋ Started cache-only hand raise for meeting: t9ab-it5k-vio
2026-01-27 13:14:40,966 [INFO] start_meeting_hand_raise:100 - ✋ Started cache-only hand raise for meeting: t9ab-it5k-vio
2026-01-27 13:14:43,042 [INFO] start_meeting_hand_raise:100 - ✋ Started cache-only hand raise for meeting: t9ab-it5k-vio
2026-01-27 13:14:45,010 [INFO] start_meeting_hand_raise:100 - ✋ Started cache-only hand raise for meeting: t9ab-it5k-vio
2026-01-27 13:14:46,999 [INFO] start_meeting_hand_raise:100 - ✋ Started cache-only hand raise for meeting: t9ab-it5k-vio
2026-01-27 13:14:48,927 [INFO] start_meeting_hand_raise:100 - ✋ Started cache-only hand raise for meeting: t9ab-it5k-vio
2026-01-27 13:14:51,016 [INFO] start_meeting_hand_raise:100 - ✋ Started cache-only hand raise for meeting: t9ab-it5k-vio
2026-01-27 13:14:52,927 [INFO] start_meeting_hand_raise:100 - ✋ Started cache-only hand raise for meeting: t9ab-it5k-vio
2026-01-27 13:14:55,025 [INFO] start_meeting_hand_raise:100 - ✋ Started cache-only hand raise for meeting: t9ab-it5k-vio
2026-01-27 13:14:57,051 [INFO] start_meeting_hand_raise:100 - ✋ Started cache-only hand raise for meeting: t9ab-it5k-vio
2026-01-27 18:48:01,955 [INFO] configure_enhanced_logging:584 - ✅ Enhanced cache hand raise logging active
2026-01-27 18:48:09,135 [INFO] <module>:34 - ✅ Cache-only hand raise Redis connected successfully
2026-01-27 18:48:09,135 [INFO] __init__:62 - ✋ Cache-only hand raise manager initialized: Enabled
2026-01-27 18:48:18,984 [INFO] configure_enhanced_logging:584 - ✅ Enhanced cache hand raise logging active
2026-01-27 18:48:26,252 [INFO] <module>:34 - ✅ Cache-only hand raise Redis connected successfully
2026-01-27 18:48:26,252 [INFO] __init__:62 - ✋ Cache-only hand raise manager initialized: Enabled
2026-01-27 18:49:09,880 [INFO] end_meeting_hand_raise:351 - 🗑 DELETED all hand raise data for meeting d7ui-3y98-2l5
2026-01-27 18:49:09,880 [INFO] end_meeting_hand_raise:352 -    - Final stats: None
2026-01-27 18:49:09,882 [INFO] end_meeting_hand_raise:353 -    - Redis keys deleted: 0
2026-01-27 18:49:14,694 [INFO] start_meeting_hand_raise:100 - ✋ Started cache-only hand raise for meeting: d7ui-3y98-2l5
2026-01-27 18:49:16,560 [INFO] start_meeting_hand_raise:100 - ✋ Started cache-only hand raise for meeting: d7ui-3y98-2l5
2026-01-27 18:49:18,779 [INFO] start_meeting_hand_raise:100 - ✋ Started cache-only hand raise for meeting: d7ui-3y98-2l5
2026-01-27 18:49:20,592 [INFO] start_meeting_hand_raise:100 - ✋ Started cache-only hand raise for meeting: d7ui-3y98-2l5
2026-01-27 18:49:22,567 [INFO] start_meeting_hand_raise:100 - ✋ Started cache-only hand raise for meeting: d7ui-3y98-2l5
2026-01-27 18:49:24,567 [INFO] start_meeting_hand_raise:100 - ✋ Started cache-only hand raise for meeting: d7ui-3y98-2l5
2026-01-27 18:49:26,558 [INFO] start_meeting_hand_raise:100 - ✋ Started cache-only hand raise for meeting: d7ui-3y98-2l5
2026-01-27 18:49:28,559 [INFO] start_meeting_hand_raise:100 - ✋ Started cache-only hand raise for meeting: d7ui-3y98-2l5
2026-01-27 18:49:30,607 [INFO] start_meeting_hand_raise:100 - ✋ Started cache-only hand raise for meeting: d7ui-3y98-2l5
2026-01-27 18:49:32,597 [INFO] start_meeting_hand_raise:100 - ✋ Started cache-only hand raise for meeting: d7ui-3y98-2l5
2026-01-27 18:49:34,566 [INFO] start_meeting_hand_raise:100 - ✋ Started cache-only hand raise for meeting: d7ui-3y98-2l5
2026-01-27 18:49:36,559 [INFO] start_meeting_hand_raise:100 - ✋ Started cache-only hand raise for meeting: d7ui-3y98-2l5
2026-01-27 18:49:38,569 [INFO] start_meeting_hand_raise:100 - ✋ Started cache-only hand raise for meeting: d7ui-3y98-2l5
2026-01-27 18:49:40,618 [INFO] start_meeting_hand_raise:100 - ✋ Started cache-only hand raise for meeting: d7ui-3y98-2l5
2026-01-27 18:49:42,565 [INFO] start_meeting_hand_raise:100 - ✋ Started cache-only hand raise for meeting: d7ui-3y98-2l5
2026-01-27 18:49:44,566 [INFO] start_meeting_hand_raise:100 - ✋ Started cache-only hand raise for meeting: d7ui-3y98-2l5
2026-01-27 18:49:46,571 [INFO] start_meeting_hand_raise:100 - ✋ Started cache-only hand raise for meeting: d7ui-3y98-2l5
2026-01-27 18:49:48,570 [INFO] start_meeting_hand_raise:100 - ✋ Started cache-only hand raise for meeting: d7ui-3y98-2l5
2026-01-27 18:49:50,586 [INFO] start_meeting_hand_raise:100 - ✋ Started cache-only hand raise for meeting: d7ui-3y98-2l5
2026-01-27 18:49:52,589 [INFO] start_meeting_hand_raise:100 - ✋ Started cache-only hand raise for meeting: d7ui-3y98-2l5
2026-01-27 18:49:54,563 [INFO] start_meeting_hand_raise:100 - ✋ Started cache-only hand raise for meeting: d7ui-3y98-2l5
2026-01-27 18:49:56,576 [INFO] start_meeting_hand_raise:100 - ✋ Started cache-only hand raise for meeting: d7ui-3y98-2l5
2026-01-27 18:49:58,594 [INFO] start_meeting_hand_raise:100 - ✋ Started cache-only hand raise for meeting: d7ui-3y98-2l5
2026-01-27 18:50:00,579 [INFO] start_meeting_hand_raise:100 - ✋ Started cache-only hand raise for meeting: d7ui-3y98-2l5
2026-01-27 18:50:02,559 [INFO] start_meeting_hand_raise:100 - ✋ Started cache-only hand raise for meeting: d7ui-3y98-2l5
2026-01-27 18:50:04,578 [INFO] start_meeting_hand_raise:100 - ✋ Started cache-only hand raise for meeting: d7ui-3y98-2l5
2026-01-27 18:50:06,566 [INFO] start_meeting_hand_raise:100 - ✋ Started cache-only hand raise for meeting: d7ui-3y98-2l5
2026-01-27 18:50:08,566 [INFO] start_meeting_hand_raise:100 - ✋ Started cache-only hand raise for meeting: d7ui-3y98-2l5
2026-01-27 18:50:10,585 [INFO] start_meeting_hand_raise:100 - ✋ Started cache-only hand raise for meeting: d7ui-3y98-2l5
2026-01-27 18:50:12,571 [INFO] start_meeting_hand_raise:100 - ✋ Started cache-only hand raise for meeting: d7ui-3y98-2l5
2026-01-27 18:50:14,589 [INFO] start_meeting_hand_raise:100 - ✋ Started cache-only hand raise for meeting: d7ui-3y98-2l5
2026-01-27 18:50:16,565 [INFO] start_meeting_hand_raise:100 - ✋ Started cache-only hand raise for meeting: d7ui-3y98-2l5
2026-01-27 18:50:18,557 [INFO] start_meeting_hand_raise:100 - ✋ Started cache-only hand raise for meeting: d7ui-3y98-2l5
2026-01-27 18:50:20,568 [INFO] start_meeting_hand_raise:100 - ✋ Started cache-only hand raise for meeting: d7ui-3y98-2l5
2026-01-27 18:50:22,559 [INFO] start_meeting_hand_raise:100 - ✋ Started cache-only hand raise for meeting: d7ui-3y98-2l5
2026-01-27 18:50:24,567 [INFO] start_meeting_hand_raise:100 - ✋ Started cache-only hand raise for meeting: d7ui-3y98-2l5
2026-01-27 18:50:26,559 [INFO] start_meeting_hand_raise:100 - ✋ Started cache-only hand raise for meeting: d7ui-3y98-2l5
2026-01-27 18:50:28,560 [INFO] start_meeting_hand_raise:100 - ✋ Started cache-only hand raise for meeting: d7ui-3y98-2l5
2026-01-27 18:50:30,560 [INFO] start_meeting_hand_raise:100 - ✋ Started cache-only hand raise for meeting: d7ui-3y98-2l5
2026-01-27 18:50:32,584 [INFO] start_meeting_hand_raise:100 - ✋ Started cache-only hand raise for meeting: d7ui-3y98-2l5
2026-01-27 18:50:34,566 [INFO] start_meeting_hand_raise:100 - ✋ Started cache-only hand raise for meeting: d7ui-3y98-2l5
2026-01-27 18:50:36,566 [INFO] start_meeting_hand_raise:100 - ✋ Started cache-only hand raise for meeting: d7ui-3y98-2l5
2026-01-27 18:50:38,566 [INFO] start_meeting_hand_raise:100 - ✋ Started cache-only hand raise for meeting: d7ui-3y98-2l5
2026-01-27 18:50:40,616 [INFO] start_meeting_hand_raise:100 - ✋ Started cache-only hand raise for meeting: d7ui-3y98-2l5
2026-01-27 18:50:42,585 [INFO] start_meeting_hand_raise:100 - ✋ Started cache-only hand raise for meeting: d7ui-3y98-2l5
2026-01-27 18:50:44,567 [INFO] start_meeting_hand_raise:100 - ✋ Started cache-only hand raise for meeting: d7ui-3y98-2l5
2026-01-27 18:50:46,569 [INFO] start_meeting_hand_raise:100 - ✋ Started cache-only hand raise for meeting: d7ui-3y98-2l5
2026-01-27 18:50:48,558 [INFO] start_meeting_hand_raise:100 - ✋ Started cache-only hand raise for meeting: d7ui-3y98-2l5
2026-01-27 18:50:50,587 [INFO] start_meeting_hand_raise:100 - ✋ Started cache-only hand raise for meeting: d7ui-3y98-2l5
2026-01-27 18:50:52,566 [INFO] start_meeting_hand_raise:100 - ✋ Started cache-only hand raise for meeting: d7ui-3y98-2l5
2026-01-27 18:50:54,559 [INFO] start_meeting_hand_raise:100 - ✋ Started cache-only hand raise for meeting: d7ui-3y98-2l5
2026-01-27 18:50:56,558 [INFO] start_meeting_hand_raise:100 - ✋ Started cache-only hand raise for meeting: d7ui-3y98-2l5
2026-01-27 18:50:58,558 [INFO] start_meeting_hand_raise:100 - ✋ Started cache-only hand raise for meeting: d7ui-3y98-2l5
2026-01-27 18:51:00,560 [INFO] start_meeting_hand_raise:100 - ✋ Started cache-only hand raise for meeting: d7ui-3y98-2l5
2026-01-27 18:51:02,561 [INFO] start_meeting_hand_raise:100 - ✋ Started cache-only hand raise for meeting: d7ui-3y98-2l5
2026-01-27 18:51:04,559 [INFO] start_meeting_hand_raise:100 - ✋ Started cache-only hand raise for meeting: d7ui-3y98-2l5
2026-01-27 18:51:06,567 [INFO] start_meeting_hand_raise:100 - ✋ Started cache-only hand raise for meeting: d7ui-3y98-2l5
2026-01-27 18:51:08,567 [INFO] start_meeting_hand_raise:100 - ✋ Started cache-only hand raise for meeting: d7ui-3y98-2l5
2026-01-27 18:51:10,592 [INFO] start_meeting_hand_raise:100 - ✋ Started cache-only hand raise for meeting: d7ui-3y98-2l5
2026-01-27 18:51:12,834 [INFO] start_meeting_hand_raise:100 - ✋ Started cache-only hand raise for meeting: d7ui-3y98-2l5
2026-01-27 18:51:14,570 [INFO] start_meeting_hand_raise:100 - ✋ Started cache-only hand raise for meeting: d7ui-3y98-2l5
2026-01-27 18:51:16,569 [INFO] start_meeting_hand_raise:100 - ✋ Started cache-only hand raise for meeting: d7ui-3y98-2l5
2026-01-27 18:51:18,577 [INFO] start_meeting_hand_raise:100 - ✋ Started cache-only hand raise for meeting: d7ui-3y98-2l5
2026-01-27 18:51:20,583 [INFO] start_meeting_hand_raise:100 - ✋ Started cache-only hand raise for meeting: d7ui-3y98-2l5
2026-01-27 18:51:22,583 [INFO] start_meeting_hand_raise:100 - ✋ Started cache-only hand raise for meeting: d7ui-3y98-2l5
2026-01-27 18:51:24,558 [INFO] start_meeting_hand_raise:100 - ✋ Started cache-only hand raise for meeting: d7ui-3y98-2l5
2026-01-27 18:51:26,559 [INFO] start_meeting_hand_raise:100 - ✋ Started cache-only hand raise for meeting: d7ui-3y98-2l5
2026-01-27 18:51:28,558 [INFO] start_meeting_hand_raise:100 - ✋ Started cache-only hand raise for meeting: d7ui-3y98-2l5
2026-01-27 18:51:30,567 [INFO] start_meeting_hand_raise:100 - ✋ Started cache-only hand raise for meeting: d7ui-3y98-2l5
2026-01-27 18:51:32,586 [INFO] start_meeting_hand_raise:100 - ✋ Started cache-only hand raise for meeting: d7ui-3y98-2l5
2026-01-27 18:51:34,565 [INFO] start_meeting_hand_raise:100 - ✋ Started cache-only hand raise for meeting: d7ui-3y98-2l5
2026-01-27 18:51:36,573 [INFO] start_meeting_hand_raise:100 - ✋ Started cache-only hand raise for meeting: d7ui-3y98-2l5
2026-01-27 18:51:36,593 [INFO] end_meeting_hand_raise:351 - 🗑 DELETED all hand raise data for meeting d7ui-3y98-2l5
2026-01-27 18:51:36,594 [INFO] end_meeting_hand_raise:352 -    - Final stats: {'meeting_id': 'd7ui-3y98-2l5', 'started_at': '2026-01-27T13:21:36.572296+00:00', 'total_hands_raised': 0, 'total_acknowledged': 0, 'total_denied': 0, 'current_raised_hands': 0, 'last_hand_at': None, 'last_action_at': None, 'status': 'active', 'storage_type': 'cache_only'}
2026-01-27 18:51:36,594 [INFO] end_meeting_hand_raise:353 -    - Redis keys deleted: 1
2026-01-27 18:51:38,575 [INFO] start_meeting_hand_raise:100 - ✋ Started cache-only hand raise for meeting: d7ui-3y98-2l5
2026-01-27 18:51:40,635 [INFO] start_meeting_hand_raise:100 - ✋ Started cache-only hand raise for meeting: d7ui-3y98-2l5
2026-01-27 18:51:42,567 [INFO] start_meeting_hand_raise:100 - ✋ Started cache-only hand raise for meeting: d7ui-3y98-2l5
2026-01-27 18:51:44,568 [INFO] start_meeting_hand_raise:100 - ✋ Started cache-only hand raise for meeting: d7ui-3y98-2l5
2026-01-27 18:51:46,560 [INFO] start_meeting_hand_raise:100 - ✋ Started cache-only hand raise for meeting: d7ui-3y98-2l5
2026-01-27 18:51:48,571 [INFO] start_meeting_hand_raise:100 - ✋ Started cache-only hand raise for meeting: d7ui-3y98-2l5
2026-01-27 18:51:50,559 [INFO] start_meeting_hand_raise:100 - ✋ Started cache-only hand raise for meeting: d7ui-3y98-2l5
2026-01-27 18:51:52,558 [INFO] start_meeting_hand_raise:100 - ✋ Started cache-only hand raise for meeting: d7ui-3y98-2l5
2026-01-27 18:51:54,581 [INFO] start_meeting_hand_raise:100 - ✋ Started cache-only hand raise for meeting: d7ui-3y98-2l5
2026-01-27 18:51:56,571 [INFO] start_meeting_hand_raise:100 - ✋ Started cache-only hand raise for meeting: d7ui-3y98-2l5
2026-01-27 18:51:58,575 [INFO] start_meeting_hand_raise:100 - ✋ Started cache-only hand raise for meeting: d7ui-3y98-2l5
2026-01-27 18:52:00,568 [INFO] start_meeting_hand_raise:100 - ✋ Started cache-only hand raise for meeting: d7ui-3y98-2l5
2026-01-27 18:52:02,569 [INFO] start_meeting_hand_raise:100 - ✋ Started cache-only hand raise for meeting: d7ui-3y98-2l5
2026-01-27 18:52:04,587 [INFO] start_meeting_hand_raise:100 - ✋ Started cache-only hand raise for meeting: d7ui-3y98-2l5
2026-01-27 18:52:06,565 [INFO] start_meeting_hand_raise:100 - ✋ Started cache-only hand raise for meeting: d7ui-3y98-2l5
2026-01-27 18:52:08,559 [INFO] start_meeting_hand_raise:100 - ✋ Started cache-only hand raise for meeting: d7ui-3y98-2l5
2026-01-27 18:52:10,666 [INFO] start_meeting_hand_raise:100 - ✋ Started cache-only hand raise for meeting: d7ui-3y98-2l5
2026-01-27 18:52:12,606 [INFO] start_meeting_hand_raise:100 - ✋ Started cache-only hand raise for meeting: d7ui-3y98-2l5
2026-01-27 18:52:14,564 [INFO] start_meeting_hand_raise:100 - ✋ Started cache-only hand raise for meeting: d7ui-3y98-2l5
2026-01-27 18:52:57,362 [INFO] end_meeting_hand_raise:351 - 🗑 DELETED all hand raise data for meeting nkow-5j5z-eie
2026-01-27 18:52:57,362 [INFO] end_meeting_hand_raise:352 -    - Final stats: None
2026-01-27 18:52:57,363 [INFO] end_meeting_hand_raise:353 -    - Redis keys deleted: 0
2026-01-27 18:53:02,375 [INFO] start_meeting_hand_raise:100 - ✋ Started cache-only hand raise for meeting: nkow-5j5z-eie
2026-01-27 18:53:04,383 [INFO] start_meeting_hand_raise:100 - ✋ Started cache-only hand raise for meeting: nkow-5j5z-eie
2026-01-27 18:53:06,403 [INFO] start_meeting_hand_raise:100 - ✋ Started cache-only hand raise for meeting: nkow-5j5z-eie
2026-01-27 18:53:08,373 [INFO] start_meeting_hand_raise:100 - ✋ Started cache-only hand raise for meeting: nkow-5j5z-eie
2026-01-27 18:53:10,365 [INFO] start_meeting_hand_raise:100 - ✋ Started cache-only hand raise for meeting: nkow-5j5z-eie
2026-01-27 18:53:12,372 [INFO] start_meeting_hand_raise:100 - ✋ Started cache-only hand raise for meeting: nkow-5j5z-eie
2026-01-27 18:53:14,408 [INFO] start_meeting_hand_raise:100 - ✋ Started cache-only hand raise for meeting: nkow-5j5z-eie
2026-01-27 18:53:16,371 [INFO] start_meeting_hand_raise:100 - ✋ Started cache-only hand raise for meeting: nkow-5j5z-eie
2026-01-27 18:53:18,371 [INFO] start_meeting_hand_raise:100 - ✋ Started cache-only hand raise for meeting: nkow-5j5z-eie
2026-01-27 18:53:20,062 [INFO] end_meeting_hand_raise:351 - 🗑 DELETED all hand raise data for meeting nkow-5j5z-eie
2026-01-27 18:53:20,063 [INFO] end_meeting_hand_raise:352 -    - Final stats: {'meeting_id': 'nkow-5j5z-eie', 'started_at': '2026-01-27T13:23:18.370790+00:00', 'total_hands_raised': 0, 'total_acknowledged': 0, 'total_denied': 0, 'current_raised_hands': 0, 'last_hand_at': None, 'last_action_at': None, 'status': 'active', 'storage_type': 'cache_only'}
2026-01-27 18:53:20,063 [INFO] end_meeting_hand_raise:353 -    - Redis keys deleted: 1
2026-01-27 18:53:20,406 [INFO] start_meeting_hand_raise:100 - ✋ Started cache-only hand raise for meeting: nkow-5j5z-eie
2026-01-27 18:53:22,413 [INFO] start_meeting_hand_raise:100 - ✋ Started cache-only hand raise for meeting: nkow-5j5z-eie
2026-01-27 18:53:24,405 [INFO] start_meeting_hand_raise:100 - ✋ Started cache-only hand raise for meeting: nkow-5j5z-eie
2026-01-27 18:53:26,386 [INFO] start_meeting_hand_raise:100 - ✋ Started cache-only hand raise for meeting: nkow-5j5z-eie
2026-01-27 18:53:28,374 [INFO] start_meeting_hand_raise:100 - ✋ Started cache-only hand raise for meeting: nkow-5j5z-eie
2026-01-27 18:53:30,407 [INFO] start_meeting_hand_raise:100 - ✋ Started cache-only hand raise for meeting: nkow-5j5z-eie
2026-01-27 18:53:32,461 [INFO] start_meeting_hand_raise:100 - ✋ Started cache-only hand raise for meeting: nkow-5j5z-eie
2026-01-27 18:53:34,384 [INFO] start_meeting_hand_raise:100 - ✋ Started cache-only hand raise for meeting: nkow-5j5z-eie
2026-01-27 18:53:36,387 [INFO] start_meeting_hand_raise:100 - ✋ Started cache-only hand raise for meeting: nkow-5j5z-eie
2026-01-27 18:53:38,364 [INFO] start_meeting_hand_raise:100 - ✋ Started cache-only hand raise for meeting: nkow-5j5z-eie
2026-01-27 18:53:40,365 [INFO] start_meeting_hand_raise:100 - ✋ Started cache-only hand raise for meeting: nkow-5j5z-eie
2026-01-27 18:53:42,387 [INFO] start_meeting_hand_raise:100 - ✋ Started cache-only hand raise for meeting: nkow-5j5z-eie
2026-01-27 18:53:44,407 [INFO] start_meeting_hand_raise:100 - ✋ Started cache-only hand raise for meeting: nkow-5j5z-eie
2026-01-27 18:53:46,413 [INFO] start_meeting_hand_raise:100 - ✋ Started cache-only hand raise for meeting: nkow-5j5z-eie
2026-01-27 18:53:48,097 [INFO] start_meeting_hand_raise:100 - ✋ Started cache-only hand raise for meeting: nkow-5j5z-eie
2026-01-27 18:53:48,335 [INFO] raise_hand:153 - ✋ User 259 (Boby) raised hand in meeting nkow-5j5z-eie
2026-01-27 18:53:48,382 [INFO] start_meeting_hand_raise:100 - ✋ Started cache-only hand raise for meeting: nkow-5j5z-eie
2026-01-27 18:53:50,383 [INFO] start_meeting_hand_raise:100 - ✋ Started cache-only hand raise for meeting: nkow-5j5z-eie
2026-01-27 18:53:52,390 [INFO] start_meeting_hand_raise:100 - ✋ Started cache-only hand raise for meeting: nkow-5j5z-eie
2026-01-27 18:53:54,364 [INFO] start_meeting_hand_raise:100 - ✋ Started cache-only hand raise for meeting: nkow-5j5z-eie
2026-01-27 18:53:56,406 [INFO] start_meeting_hand_raise:100 - ✋ Started cache-only hand raise for meeting: nkow-5j5z-eie
2026-01-27 18:53:58,406 [INFO] start_meeting_hand_raise:100 - ✋ Started cache-only hand raise for meeting: nkow-5j5z-eie
2026-01-27 18:54:00,456 [INFO] start_meeting_hand_raise:100 - ✋ Started cache-only hand raise for meeting: nkow-5j5z-eie
2026-01-27 18:54:02,371 [INFO] start_meeting_hand_raise:100 - ✋ Started cache-only hand raise for meeting: nkow-5j5z-eie
2026-01-27 18:54:04,409 [INFO] start_meeting_hand_raise:100 - ✋ Started cache-only hand raise for meeting: nkow-5j5z-eie
2026-01-27 18:54:06,374 [INFO] start_meeting_hand_raise:100 - ✋ Started cache-only hand raise for meeting: nkow-5j5z-eie
2026-01-27 18:54:08,394 [INFO] start_meeting_hand_raise:100 - ✋ Started cache-only hand raise for meeting: nkow-5j5z-eie
2026-01-27 18:54:10,367 [INFO] start_meeting_hand_raise:100 - ✋ Started cache-only hand raise for meeting: nkow-5j5z-eie
2026-01-27 18:54:12,412 [INFO] start_meeting_hand_raise:100 - ✋ Started cache-only hand raise for meeting: nkow-5j5z-eie
2026-01-27 18:54:14,373 [INFO] start_meeting_hand_raise:100 - ✋ Started cache-only hand raise for meeting: nkow-5j5z-eie
2026-01-27 18:54:16,371 [INFO] start_meeting_hand_raise:100 - ✋ Started cache-only hand raise for meeting: nkow-5j5z-eie
2026-01-27 18:54:18,389 [INFO] start_meeting_hand_raise:100 - ✋ Started cache-only hand raise for meeting: nkow-5j5z-eie
2026-01-27 18:54:20,403 [INFO] start_meeting_hand_raise:100 - ✋ Started cache-only hand raise for meeting: nkow-5j5z-eie
2026-01-27 18:54:22,364 [INFO] start_meeting_hand_raise:100 - ✋ Started cache-only hand raise for meeting: nkow-5j5z-eie
2026-01-27 18:54:24,372 [INFO] start_meeting_hand_raise:100 - ✋ Started cache-only hand raise for meeting: nkow-5j5z-eie
2026-01-27 18:54:26,385 [INFO] start_meeting_hand_raise:100 - ✋ Started cache-only hand raise for meeting: nkow-5j5z-eie
2026-01-27 18:54:28,401 [INFO] start_meeting_hand_raise:100 - ✋ Started cache-only hand raise for meeting: nkow-5j5z-eie
2026-01-27 18:54:30,444 [INFO] start_meeting_hand_raise:100 - ✋ Started cache-only hand raise for meeting: nkow-5j5z-eie
2026-01-27 18:54:32,456 [INFO] start_meeting_hand_raise:100 - ✋ Started cache-only hand raise for meeting: nkow-5j5z-eie
2026-01-27 18:54:34,378 [INFO] start_meeting_hand_raise:100 - ✋ Started cache-only hand raise for meeting: nkow-5j5z-eie
2026-01-27 18:54:36,374 [INFO] start_meeting_hand_raise:100 - ✋ Started cache-only hand raise for meeting: nkow-5j5z-eie
2026-01-27 18:54:38,421 [INFO] start_meeting_hand_raise:100 - ✋ Started cache-only hand raise for meeting: nkow-5j5z-eie
2026-01-27 18:54:40,376 [INFO] start_meeting_hand_raise:100 - ✋ Started cache-only hand raise for meeting: nkow-5j5z-eie
2026-01-27 18:54:42,409 [INFO] start_meeting_hand_raise:100 - ✋ Started cache-only hand raise for meeting: nkow-5j5z-eie
2026-01-27 18:54:44,365 [INFO] start_meeting_hand_raise:100 - ✋ Started cache-only hand raise for meeting: nkow-5j5z-eie
2026-01-27 18:54:46,372 [INFO] start_meeting_hand_raise:100 - ✋ Started cache-only hand raise for meeting: nkow-5j5z-eie
2026-01-27 18:54:48,429 [INFO] start_meeting_hand_raise:100 - ✋ Started cache-only hand raise for meeting: nkow-5j5z-eie
2026-01-27 18:54:50,388 [INFO] start_meeting_hand_raise:100 - ✋ Started cache-only hand raise for meeting: nkow-5j5z-eie
2026-01-27 18:54:52,373 [INFO] start_meeting_hand_raise:100 - ✋ Started cache-only hand raise for meeting: nkow-5j5z-eie
2026-01-27 18:54:54,405 [INFO] start_meeting_hand_raise:100 - ✋ Started cache-only hand raise for meeting: nkow-5j5z-eie
2026-01-27 18:54:56,436 [INFO] start_meeting_hand_raise:100 - ✋ Started cache-only hand raise for meeting: nkow-5j5z-eie
2026-01-27 18:54:58,364 [INFO] start_meeting_hand_raise:100 - ✋ Started cache-only hand raise for meeting: nkow-5j5z-eie
2026-01-27 18:55:00,441 [INFO] start_meeting_hand_raise:100 - ✋ Started cache-only hand raise for meeting: nkow-5j5z-eie
2026-01-27 18:55:02,372 [INFO] start_meeting_hand_raise:100 - ✋ Started cache-only hand raise for meeting: nkow-5j5z-eie
2026-01-27 18:55:04,367 [INFO] start_meeting_hand_raise:100 - ✋ Started cache-only hand raise for meeting: nkow-5j5z-eie
2026-01-27 18:55:06,365 [INFO] start_meeting_hand_raise:100 - ✋ Started cache-only hand raise for meeting: nkow-5j5z-eie
2026-01-27 18:55:06,984 [INFO] start_meeting_hand_raise:100 - ✋ Started cache-only hand raise for meeting: nkow-5j5z-eie
2026-01-27 18:55:08,376 [INFO] start_meeting_hand_raise:100 - ✋ Started cache-only hand raise for meeting: nkow-5j5z-eie
2026-01-27 18:55:10,362 [INFO] start_meeting_hand_raise:100 - ✋ Started cache-only hand raise for meeting: nkow-5j5z-eie
2026-01-27 18:55:11,948 [INFO] start_meeting_hand_raise:100 - ✋ Started cache-only hand raise for meeting: nkow-5j5z-eie
2026-01-27 18:55:12,377 [INFO] start_meeting_hand_raise:100 - ✋ Started cache-only hand raise for meeting: nkow-5j5z-eie
2026-01-27 18:55:14,388 [INFO] start_meeting_hand_raise:100 - ✋ Started cache-only hand raise for meeting: nkow-5j5z-eie
2026-01-27 18:55:15,817 [INFO] start_meeting_hand_raise:100 - ✋ Started cache-only hand raise for meeting: nkow-5j5z-eie
2026-01-27 18:55:16,019 [INFO] start_meeting_hand_raise:100 - ✋ Started cache-only hand raise for meeting: nkow-5j5z-eie
2026-01-27 18:55:16,373 [INFO] start_meeting_hand_raise:100 - ✋ Started cache-only hand raise for meeting: nkow-5j5z-eie
2026-01-27 18:55:16,423 [INFO] start_meeting_hand_raise:100 - ✋ Started cache-only hand raise for meeting: nkow-5j5z-eie
2026-01-27 18:55:17,047 [INFO] start_meeting_hand_raise:100 - ✋ Started cache-only hand raise for meeting: nkow-5j5z-eie
2026-01-27 18:55:18,372 [INFO] start_meeting_hand_raise:100 - ✋ Started cache-only hand raise for meeting: nkow-5j5z-eie
2026-01-27 18:55:20,377 [INFO] start_meeting_hand_raise:100 - ✋ Started cache-only hand raise for meeting: nkow-5j5z-eie
2026-01-27 18:55:22,021 [INFO] start_meeting_hand_raise:100 - ✋ Started cache-only hand raise for meeting: nkow-5j5z-eie
2026-01-27 18:55:22,423 [INFO] start_meeting_hand_raise:100 - ✋ Started cache-only hand raise for meeting: nkow-5j5z-eie
2026-01-27 18:55:24,375 [INFO] start_meeting_hand_raise:100 - ✋ Started cache-only hand raise for meeting: nkow-5j5z-eie
2026-01-27 18:55:26,373 [INFO] start_meeting_hand_raise:100 - ✋ Started cache-only hand raise for meeting: nkow-5j5z-eie
2026-01-27 18:55:26,950 [INFO] start_meeting_hand_raise:100 - ✋ Started cache-only hand raise for meeting: nkow-5j5z-eie
2026-01-27 18:55:28,364 [INFO] start_meeting_hand_raise:100 - ✋ Started cache-only hand raise for meeting: nkow-5j5z-eie
2026-01-27 18:55:30,386 [INFO] start_meeting_hand_raise:100 - ✋ Started cache-only hand raise for meeting: nkow-5j5z-eie
2026-01-27 18:55:32,000 [INFO] start_meeting_hand_raise:100 - ✋ Started cache-only hand raise for meeting: nkow-5j5z-eie
2026-01-27 18:55:32,415 [INFO] start_meeting_hand_raise:100 - ✋ Started cache-only hand raise for meeting: nkow-5j5z-eie
2026-01-27 18:55:34,395 [INFO] start_meeting_hand_raise:100 - ✋ Started cache-only hand raise for meeting: nkow-5j5z-eie
2026-01-27 18:55:36,373 [INFO] start_meeting_hand_raise:100 - ✋ Started cache-only hand raise for meeting: nkow-5j5z-eie
2026-01-27 18:55:37,110 [INFO] start_meeting_hand_raise:100 - ✋ Started cache-only hand raise for meeting: nkow-5j5z-eie
2026-01-27 18:55:38,380 [INFO] start_meeting_hand_raise:100 - ✋ Started cache-only hand raise for meeting: nkow-5j5z-eie
2026-01-27 18:55:40,386 [INFO] start_meeting_hand_raise:100 - ✋ Started cache-only hand raise for meeting: nkow-5j5z-eie
2026-01-27 18:55:41,958 [INFO] start_meeting_hand_raise:100 - ✋ Started cache-only hand raise for meeting: nkow-5j5z-eie
2026-01-27 18:55:42,385 [INFO] start_meeting_hand_raise:100 - ✋ Started cache-only hand raise for meeting: nkow-5j5z-eie
2026-01-27 18:55:44,368 [INFO] start_meeting_hand_raise:100 - ✋ Started cache-only hand raise for meeting: nkow-5j5z-eie
2026-01-27 18:55:46,384 [INFO] start_meeting_hand_raise:100 - ✋ Started cache-only hand raise for meeting: nkow-5j5z-eie
2026-01-27 18:55:46,947 [INFO] start_meeting_hand_raise:100 - ✋ Started cache-only hand raise for meeting: nkow-5j5z-eie
2026-01-27 18:55:48,376 [INFO] start_meeting_hand_raise:100 - ✋ Started cache-only hand raise for meeting: nkow-5j5z-eie
2026-01-27 18:55:50,379 [INFO] start_meeting_hand_raise:100 - ✋ Started cache-only hand raise for meeting: nkow-5j5z-eie
2026-01-27 18:55:51,944 [INFO] start_meeting_hand_raise:100 - ✋ Started cache-only hand raise for meeting: nkow-5j5z-eie
2026-01-27 18:55:52,397 [INFO] start_meeting_hand_raise:100 - ✋ Started cache-only hand raise for meeting: nkow-5j5z-eie
2026-01-27 18:55:54,378 [INFO] start_meeting_hand_raise:100 - ✋ Started cache-only hand raise for meeting: nkow-5j5z-eie
2026-01-27 18:55:56,366 [INFO] start_meeting_hand_raise:100 - ✋ Started cache-only hand raise for meeting: nkow-5j5z-eie
2026-01-27 18:55:56,951 [INFO] start_meeting_hand_raise:100 - ✋ Started cache-only hand raise for meeting: nkow-5j5z-eie
2026-01-27 18:55:58,410 [INFO] start_meeting_hand_raise:100 - ✋ Started cache-only hand raise for meeting: nkow-5j5z-eie
2026-01-27 18:56:00,363 [INFO] start_meeting_hand_raise:100 - ✋ Started cache-only hand raise for meeting: nkow-5j5z-eie
2026-01-27 18:56:01,938 [INFO] start_meeting_hand_raise:100 - ✋ Started cache-only hand raise for meeting: nkow-5j5z-eie
2026-01-27 18:56:02,381 [INFO] start_meeting_hand_raise:100 - ✋ Started cache-only hand raise for meeting: nkow-5j5z-eie
2026-01-27 18:56:04,364 [INFO] start_meeting_hand_raise:100 - ✋ Started cache-only hand raise for meeting: nkow-5j5z-eie
2026-01-27 18:56:06,386 [INFO] start_meeting_hand_raise:100 - ✋ Started cache-only hand raise for meeting: nkow-5j5z-eie
2026-01-27 18:56:06,946 [INFO] start_meeting_hand_raise:100 - ✋ Started cache-only hand raise for meeting: nkow-5j5z-eie
2026-01-27 18:56:08,449 [INFO] start_meeting_hand_raise:100 - ✋ Started cache-only hand raise for meeting: nkow-5j5z-eie
2026-01-27 18:56:10,365 [INFO] start_meeting_hand_raise:100 - ✋ Started cache-only hand raise for meeting: nkow-5j5z-eie
2026-01-27 18:56:11,945 [INFO] start_meeting_hand_raise:100 - ✋ Started cache-only hand raise for meeting: nkow-5j5z-eie
2026-01-27 18:56:12,424 [INFO] start_meeting_hand_raise:100 - ✋ Started cache-only hand raise for meeting: nkow-5j5z-eie
2026-01-27 18:56:14,363 [INFO] start_meeting_hand_raise:100 - ✋ Started cache-only hand raise for meeting: nkow-5j5z-eie
2026-01-27 18:56:16,432 [INFO] start_meeting_hand_raise:100 - ✋ Started cache-only hand raise for meeting: nkow-5j5z-eie
2026-01-27 18:56:17,069 [INFO] start_meeting_hand_raise:100 - ✋ Started cache-only hand raise for meeting: nkow-5j5z-eie
2026-01-27 18:56:18,373 [INFO] start_meeting_hand_raise:100 - ✋ Started cache-only hand raise for meeting: nkow-5j5z-eie
2026-01-27 18:56:20,376 [INFO] start_meeting_hand_raise:100 - ✋ Started cache-only hand raise for meeting: nkow-5j5z-eie
2026-01-27 18:56:21,949 [INFO] start_meeting_hand_raise:100 - ✋ Started cache-only hand raise for meeting: nkow-5j5z-eie
2026-01-27 18:56:22,371 [INFO] start_meeting_hand_raise:100 - ✋ Started cache-only hand raise for meeting: nkow-5j5z-eie
2026-01-27 18:56:24,388 [INFO] start_meeting_hand_raise:100 - ✋ Started cache-only hand raise for meeting: nkow-5j5z-eie
2026-01-27 18:56:26,380 [INFO] start_meeting_hand_raise:100 - ✋ Started cache-only hand raise for meeting: nkow-5j5z-eie
2026-01-27 18:56:26,930 [INFO] start_meeting_hand_raise:100 - ✋ Started cache-only hand raise for meeting: nkow-5j5z-eie
2026-01-27 18:56:28,376 [INFO] start_meeting_hand_raise:100 - ✋ Started cache-only hand raise for meeting: nkow-5j5z-eie
2026-01-27 18:56:30,376 [INFO] start_meeting_hand_raise:100 - ✋ Started cache-only hand raise for meeting: nkow-5j5z-eie
2026-01-27 18:56:31,955 [INFO] start_meeting_hand_raise:100 - ✋ Started cache-only hand raise for meeting: nkow-5j5z-eie
2026-01-27 18:56:32,373 [INFO] start_meeting_hand_raise:100 - ✋ Started cache-only hand raise for meeting: nkow-5j5z-eie
2026-01-27 18:56:34,399 [INFO] start_meeting_hand_raise:100 - ✋ Started cache-only hand raise for meeting: nkow-5j5z-eie
2026-01-27 18:56:36,371 [INFO] start_meeting_hand_raise:100 - ✋ Started cache-only hand raise for meeting: nkow-5j5z-eie
2026-01-27 18:56:36,948 [INFO] start_meeting_hand_raise:100 - ✋ Started cache-only hand raise for meeting: nkow-5j5z-eie
2026-01-27 18:56:38,379 [INFO] start_meeting_hand_raise:100 - ✋ Started cache-only hand raise for meeting: nkow-5j5z-eie
2026-01-27 18:56:40,381 [INFO] start_meeting_hand_raise:100 - ✋ Started cache-only hand raise for meeting: nkow-5j5z-eie
2026-01-27 18:56:41,930 [INFO] start_meeting_hand_raise:100 - ✋ Started cache-only hand raise for meeting: nkow-5j5z-eie
2026-01-27 18:56:42,367 [INFO] start_meeting_hand_raise:100 - ✋ Started cache-only hand raise for meeting: nkow-5j5z-eie
2026-01-27 18:56:44,385 [INFO] start_meeting_hand_raise:100 - ✋ Started cache-only hand raise for meeting: nkow-5j5z-eie
2026-01-27 18:56:46,377 [INFO] start_meeting_hand_raise:100 - ✋ Started cache-only hand raise for meeting: nkow-5j5z-eie
2026-01-27 18:56:46,952 [INFO] start_meeting_hand_raise:100 - ✋ Started cache-only hand raise for meeting: nkow-5j5z-eie
2026-01-27 18:56:48,419 [INFO] start_meeting_hand_raise:100 - ✋ Started cache-only hand raise for meeting: nkow-5j5z-eie
2026-01-27 18:56:50,379 [INFO] start_meeting_hand_raise:100 - ✋ Started cache-only hand raise for meeting: nkow-5j5z-eie
2026-01-27 18:56:53,170 [INFO] start_meeting_hand_raise:100 - ✋ Started cache-only hand raise for meeting: nkow-5j5z-eie
2026-01-27 18:56:53,197 [INFO] start_meeting_hand_raise:100 - ✋ Started cache-only hand raise for meeting: nkow-5j5z-eie
2026-01-27 18:56:54,367 [INFO] start_meeting_hand_raise:100 - ✋ Started cache-only hand raise for meeting: nkow-5j5z-eie
2026-01-27 18:56:56,379 [INFO] start_meeting_hand_raise:100 - ✋ Started cache-only hand raise for meeting: nkow-5j5z-eie
2026-01-27 18:56:56,933 [INFO] start_meeting_hand_raise:100 - ✋ Started cache-only hand raise for meeting: nkow-5j5z-eie
2026-01-27 18:56:58,380 [INFO] start_meeting_hand_raise:100 - ✋ Started cache-only hand raise for meeting: nkow-5j5z-eie
2026-01-27 18:57:00,397 [INFO] start_meeting_hand_raise:100 - ✋ Started cache-only hand raise for meeting: nkow-5j5z-eie
2026-01-27 18:57:01,943 [INFO] start_meeting_hand_raise:100 - ✋ Started cache-only hand raise for meeting: nkow-5j5z-eie
2026-01-27 18:57:02,378 [INFO] start_meeting_hand_raise:100 - ✋ Started cache-only hand raise for meeting: nkow-5j5z-eie
2026-01-27 18:57:04,390 [INFO] start_meeting_hand_raise:100 - ✋ Started cache-only hand raise for meeting: nkow-5j5z-eie
2026-01-27 18:57:06,375 [INFO] start_meeting_hand_raise:100 - ✋ Started cache-only hand raise for meeting: nkow-5j5z-eie
2026-01-27 18:57:06,957 [INFO] start_meeting_hand_raise:100 - ✋ Started cache-only hand raise for meeting: nkow-5j5z-eie
2026-01-27 18:57:08,372 [INFO] start_meeting_hand_raise:100 - ✋ Started cache-only hand raise for meeting: nkow-5j5z-eie
2026-01-27 18:57:10,373 [INFO] start_meeting_hand_raise:100 - ✋ Started cache-only hand raise for meeting: nkow-5j5z-eie
2026-01-27 18:57:11,936 [INFO] start_meeting_hand_raise:100 - ✋ Started cache-only hand raise for meeting: nkow-5j5z-eie
2026-01-27 18:57:12,373 [INFO] start_meeting_hand_raise:100 - ✋ Started cache-only hand raise for meeting: nkow-5j5z-eie
2026-01-27 18:57:14,376 [INFO] start_meeting_hand_raise:100 - ✋ Started cache-only hand raise for meeting: nkow-5j5z-eie
2026-01-27 18:57:17,284 [INFO] start_meeting_hand_raise:100 - ✋ Started cache-only hand raise for meeting: nkow-5j5z-eie
2026-01-27 18:57:17,299 [INFO] start_meeting_hand_raise:100 - ✋ Started cache-only hand raise for meeting: nkow-5j5z-eie
2026-01-27 18:57:18,364 [INFO] start_meeting_hand_raise:100 - ✋ Started cache-only hand raise for meeting: nkow-5j5z-eie
2026-01-27 18:57:20,465 [INFO] start_meeting_hand_raise:100 - ✋ Started cache-only hand raise for meeting: nkow-5j5z-eie
2026-01-27 18:57:20,765 [INFO] start_meeting_hand_raise:100 - ✋ Started cache-only hand raise for meeting: nkow-5j5z-eie
2026-01-27 18:57:22,370 [INFO] start_meeting_hand_raise:100 - ✋ Started cache-only hand raise for meeting: nkow-5j5z-eie
2026-01-27 18:57:24,704 [INFO] start_meeting_hand_raise:100 - ✋ Started cache-only hand raise for meeting: nkow-5j5z-eie
2026-01-27 18:57:26,554 [INFO] start_meeting_hand_raise:100 - ✋ Started cache-only hand raise for meeting: nkow-5j5z-eie
2026-01-27 18:57:28,391 [INFO] start_meeting_hand_raise:100 - ✋ Started cache-only hand raise for meeting: nkow-5j5z-eie
2026-01-27 18:57:30,378 [INFO] start_meeting_hand_raise:100 - ✋ Started cache-only hand raise for meeting: nkow-5j5z-eie
2026-01-27 18:57:31,477 [INFO] start_meeting_hand_raise:100 - ✋ Started cache-only hand raise for meeting: nkow-5j5z-eie
2026-01-27 18:57:31,574 [INFO] start_meeting_hand_raise:100 - ✋ Started cache-only hand raise for meeting: nkow-5j5z-eie
2026-01-27 18:57:31,761 [INFO] start_meeting_hand_raise:100 - ✋ Started cache-only hand raise for meeting: nkow-5j5z-eie
2026-01-27 18:57:32,382 [INFO] start_meeting_hand_raise:100 - ✋ Started cache-only hand raise for meeting: nkow-5j5z-eie
2026-01-27 18:57:33,851 [INFO] acknowledge_hand:230 - ✅ Host 250 denyd hand from 259
2026-01-27 18:57:33,896 [INFO] start_meeting_hand_raise:100 - ✋ Started cache-only hand raise for meeting: nkow-5j5z-eie
2026-01-27 18:57:34,369 [INFO] start_meeting_hand_raise:100 - ✋ Started cache-only hand raise for meeting: nkow-5j5z-eie
2026-01-27 18:57:36,376 [INFO] start_meeting_hand_raise:100 - ✋ Started cache-only hand raise for meeting: nkow-5j5z-eie
2026-01-27 18:57:38,366 [INFO] start_meeting_hand_raise:100 - ✋ Started cache-only hand raise for meeting: nkow-5j5z-eie
2026-01-27 18:57:38,560 [INFO] end_meeting_hand_raise:351 - 🗑 DELETED all hand raise data for meeting nkow-5j5z-eie
2026-01-27 18:57:38,561 [INFO] end_meeting_hand_raise:352 -    - Final stats: {'meeting_id': 'nkow-5j5z-eie', 'started_at': '2026-01-27T13:27:38.365255+00:00', 'total_hands_raised': 0, 'total_acknowledged': 0, 'total_denied': 0, 'current_raised_hands': 0, 'last_hand_at': None, 'last_action_at': None, 'status': 'active', 'storage_type': 'cache_only'}
2026-01-27 18:57:38,561 [INFO] end_meeting_hand_raise:353 -    - Redis keys deleted: 1
2026-01-27 18:57:40,365 [INFO] start_meeting_hand_raise:100 - ✋ Started cache-only hand raise for meeting: nkow-5j5z-eie
2026-01-27 18:57:42,380 [INFO] start_meeting_hand_raise:100 - ✋ Started cache-only hand raise for meeting: nkow-5j5z-eie
2026-01-27 18:57:43,295 [INFO] start_meeting_hand_raise:100 - ✋ Started cache-only hand raise for meeting: nkow-5j5z-eie
2026-01-27 18:57:44,386 [INFO] start_meeting_hand_raise:100 - ✋ Started cache-only hand raise for meeting: nkow-5j5z-eie
2026-01-27 18:57:45,316 [INFO] start_meeting_hand_raise:100 - ✋ Started cache-only hand raise for meeting: nkow-5j5z-eie
2026-01-27 18:57:46,363 [INFO] start_meeting_hand_raise:100 - ✋ Started cache-only hand raise for meeting: nkow-5j5z-eie
2026-01-27 18:57:47,329 [INFO] start_meeting_hand_raise:100 - ✋ Started cache-only hand raise for meeting: nkow-5j5z-eie
2026-01-27 18:57:48,383 [INFO] start_meeting_hand_raise:100 - ✋ Started cache-only hand raise for meeting: nkow-5j5z-eie
2026-01-27 18:57:48,387 [INFO] start_meeting_hand_raise:100 - ✋ Started cache-only hand raise for meeting: nkow-5j5z-eie
2026-01-27 18:57:49,319 [INFO] start_meeting_hand_raise:100 - ✋ Started cache-only hand raise for meeting: nkow-5j5z-eie
2026-01-27 18:57:50,371 [INFO] start_meeting_hand_raise:100 - ✋ Started cache-only hand raise for meeting: nkow-5j5z-eie
2026-01-27 18:57:51,316 [INFO] start_meeting_hand_raise:100 - ✋ Started cache-only hand raise for meeting: nkow-5j5z-eie
2026-01-27 18:57:52,371 [INFO] start_meeting_hand_raise:100 - ✋ Started cache-only hand raise for meeting: nkow-5j5z-eie
2026-01-27 18:57:53,338 [INFO] start_meeting_hand_raise:100 - ✋ Started cache-only hand raise for meeting: nkow-5j5z-eie
2026-01-27 18:57:53,352 [INFO] start_meeting_hand_raise:100 - ✋ Started cache-only hand raise for meeting: nkow-5j5z-eie
2026-01-27 18:57:54,395 [INFO] start_meeting_hand_raise:100 - ✋ Started cache-only hand raise for meeting: nkow-5j5z-eie
2026-01-27 18:57:55,484 [INFO] start_meeting_hand_raise:100 - ✋ Started cache-only hand raise for meeting: nkow-5j5z-eie
2026-01-27 18:57:56,393 [INFO] start_meeting_hand_raise:100 - ✋ Started cache-only hand raise for meeting: nkow-5j5z-eie
2026-01-27 18:57:57,334 [INFO] start_meeting_hand_raise:100 - ✋ Started cache-only hand raise for meeting: nkow-5j5z-eie
2026-01-27 18:57:58,319 [INFO] start_meeting_hand_raise:100 - ✋ Started cache-only hand raise for meeting: nkow-5j5z-eie
2026-01-27 18:57:58,373 [INFO] start_meeting_hand_raise:100 - ✋ Started cache-only hand raise for meeting: nkow-5j5z-eie
2026-01-27 18:57:59,300 [INFO] start_meeting_hand_raise:100 - ✋ Started cache-only hand raise for meeting: nkow-5j5z-eie
2026-01-27 18:58:00,364 [INFO] start_meeting_hand_raise:100 - ✋ Started cache-only hand raise for meeting: nkow-5j5z-eie
2026-01-27 18:58:01,372 [INFO] start_meeting_hand_raise:100 - ✋ Started cache-only hand raise for meeting: nkow-5j5z-eie
2026-01-27 18:58:02,432 [INFO] start_meeting_hand_raise:100 - ✋ Started cache-only hand raise for meeting: nkow-5j5z-eie
2026-01-27 18:58:03,308 [INFO] start_meeting_hand_raise:100 - ✋ Started cache-only hand raise for meeting: nkow-5j5z-eie
2026-01-27 18:58:03,321 [INFO] start_meeting_hand_raise:100 - ✋ Started cache-only hand raise for meeting: nkow-5j5z-eie
2026-01-27 18:58:04,374 [INFO] start_meeting_hand_raise:100 - ✋ Started cache-only hand raise for meeting: nkow-5j5z-eie
2026-01-27 18:58:05,307 [INFO] start_meeting_hand_raise:100 - ✋ Started cache-only hand raise for meeting: nkow-5j5z-eie
2026-01-27 18:58:06,394 [INFO] start_meeting_hand_raise:100 - ✋ Started cache-only hand raise for meeting: nkow-5j5z-eie
2026-01-27 18:58:07,333 [INFO] start_meeting_hand_raise:100 - ✋ Started cache-only hand raise for meeting: nkow-5j5z-eie
2026-01-27 18:58:08,363 [INFO] start_meeting_hand_raise:100 - ✋ Started cache-only hand raise for meeting: nkow-5j5z-eie
2026-01-27 18:58:08,383 [INFO] start_meeting_hand_raise:100 - ✋ Started cache-only hand raise for meeting: nkow-5j5z-eie
2026-01-27 18:58:09,300 [INFO] start_meeting_hand_raise:100 - ✋ Started cache-only hand raise for meeting: nkow-5j5z-eie
2026-01-27 18:58:10,364 [INFO] start_meeting_hand_raise:100 - ✋ Started cache-only hand raise for meeting: nkow-5j5z-eie
2026-01-27 18:58:11,321 [INFO] start_meeting_hand_raise:100 - ✋ Started cache-only hand raise for meeting: nkow-5j5z-eie
2026-01-27 18:58:12,373 [INFO] start_meeting_hand_raise:100 - ✋ Started cache-only hand raise for meeting: nkow-5j5z-eie
2026-01-27 18:58:13,314 [INFO] start_meeting_hand_raise:100 - ✋ Started cache-only hand raise for meeting: nkow-5j5z-eie
2026-01-27 18:58:13,332 [INFO] start_meeting_hand_raise:100 - ✋ Started cache-only hand raise for meeting: nkow-5j5z-eie
2026-01-27 18:58:14,365 [INFO] start_meeting_hand_raise:100 - ✋ Started cache-only hand raise for meeting: nkow-5j5z-eie
2026-01-27 18:58:15,382 [INFO] start_meeting_hand_raise:100 - ✋ Started cache-only hand raise for meeting: nkow-5j5z-eie
2026-01-27 18:58:16,367 [INFO] start_meeting_hand_raise:100 - ✋ Started cache-only hand raise for meeting: nkow-5j5z-eie
2026-01-27 18:58:17,334 [INFO] start_meeting_hand_raise:100 - ✋ Started cache-only hand raise for meeting: nkow-5j5z-eie
2026-01-27 18:58:18,307 [INFO] start_meeting_hand_raise:100 - ✋ Started cache-only hand raise for meeting: nkow-5j5z-eie
2026-01-27 18:58:18,382 [INFO] start_meeting_hand_raise:100 - ✋ Started cache-only hand raise for meeting: nkow-5j5z-eie
2026-01-27 18:58:19,419 [INFO] start_meeting_hand_raise:100 - ✋ Started cache-only hand raise for meeting: nkow-5j5z-eie
2026-01-27 18:58:20,394 [INFO] start_meeting_hand_raise:100 - ✋ Started cache-only hand raise for meeting: nkow-5j5z-eie
2026-01-27 18:58:21,310 [INFO] start_meeting_hand_raise:100 - ✋ Started cache-only hand raise for meeting: nkow-5j5z-eie
2026-01-27 18:58:22,373 [INFO] start_meeting_hand_raise:100 - ✋ Started cache-only hand raise for meeting: nkow-5j5z-eie
2026-01-27 18:58:23,347 [INFO] start_meeting_hand_raise:100 - ✋ Started cache-only hand raise for meeting: nkow-5j5z-eie
2026-01-27 18:58:23,365 [INFO] start_meeting_hand_raise:100 - ✋ Started cache-only hand raise for meeting: nkow-5j5z-eie
2026-01-27 18:58:24,366 [INFO] start_meeting_hand_raise:100 - ✋ Started cache-only hand raise for meeting: nkow-5j5z-eie
2026-01-27 18:58:25,447 [INFO] start_meeting_hand_raise:100 - ✋ Started cache-only hand raise for meeting: nkow-5j5z-eie
2026-01-27 18:58:26,369 [INFO] start_meeting_hand_raise:100 - ✋ Started cache-only hand raise for meeting: nkow-5j5z-eie
2026-01-27 18:58:27,361 [INFO] start_meeting_hand_raise:100 - ✋ Started cache-only hand raise for meeting: nkow-5j5z-eie
2026-01-27 18:58:28,302 [INFO] start_meeting_hand_raise:100 - ✋ Started cache-only hand raise for meeting: nkow-5j5z-eie
2026-01-27 18:58:28,373 [INFO] start_meeting_hand_raise:100 - ✋ Started cache-only hand raise for meeting: nkow-5j5z-eie
2026-01-27 18:58:29,299 [INFO] start_meeting_hand_raise:100 - ✋ Started cache-only hand raise for meeting: nkow-5j5z-eie
2026-01-27 18:58:30,374 [INFO] start_meeting_hand_raise:100 - ✋ Started cache-only hand raise for meeting: nkow-5j5z-eie
2026-01-27 18:58:31,305 [INFO] start_meeting_hand_raise:100 - ✋ Started cache-only hand raise for meeting: nkow-5j5z-eie
2026-01-27 18:58:32,378 [INFO] start_meeting_hand_raise:100 - ✋ Started cache-only hand raise for meeting: nkow-5j5z-eie
2026-01-27 18:58:33,320 [INFO] start_meeting_hand_raise:100 - ✋ Started cache-only hand raise for meeting: nkow-5j5z-eie
2026-01-27 18:58:33,336 [INFO] start_meeting_hand_raise:100 - ✋ Started cache-only hand raise for meeting: nkow-5j5z-eie
2026-01-27 18:58:34,469 [INFO] start_meeting_hand_raise:100 - ✋ Started cache-only hand raise for meeting: nkow-5j5z-eie
2026-01-27 18:58:35,327 [INFO] start_meeting_hand_raise:100 - ✋ Started cache-only hand raise for meeting: nkow-5j5z-eie
2026-01-27 18:58:36,369 [INFO] start_meeting_hand_raise:100 - ✋ Started cache-only hand raise for meeting: nkow-5j5z-eie
2026-01-27 18:58:37,309 [INFO] start_meeting_hand_raise:100 - ✋ Started cache-only hand raise for meeting: nkow-5j5z-eie
2026-01-27 18:58:38,303 [INFO] start_meeting_hand_raise:100 - ✋ Started cache-only hand raise for meeting: nkow-5j5z-eie
2026-01-27 18:58:38,370 [INFO] start_meeting_hand_raise:100 - ✋ Started cache-only hand raise for meeting: nkow-5j5z-eie
2026-01-27 18:58:39,313 [INFO] start_meeting_hand_raise:100 - ✋ Started cache-only hand raise for meeting: nkow-5j5z-eie
2026-01-27 18:58:40,385 [INFO] start_meeting_hand_raise:100 - ✋ Started cache-only hand raise for meeting: nkow-5j5z-eie
2026-01-27 18:58:42,364 [INFO] start_meeting_hand_raise:100 - ✋ Started cache-only hand raise for meeting: nkow-5j5z-eie
2026-01-27 18:58:44,374 [INFO] start_meeting_hand_raise:100 - ✋ Started cache-only hand raise for meeting: nkow-5j5z-eie
2026-01-27 18:58:46,368 [INFO] start_meeting_hand_raise:100 - ✋ Started cache-only hand raise for meeting: nkow-5j5z-eie
2026-01-27 18:58:48,371 [INFO] start_meeting_hand_raise:100 - ✋ Started cache-only hand raise for meeting: nkow-5j5z-eie
2026-01-27 18:58:50,382 [INFO] start_meeting_hand_raise:100 - ✋ Started cache-only hand raise for meeting: nkow-5j5z-eie
2026-01-27 18:58:52,364 [INFO] start_meeting_hand_raise:100 - ✋ Started cache-only hand raise for meeting: nkow-5j5z-eie
2026-01-27 18:58:54,372 [INFO] start_meeting_hand_raise:100 - ✋ Started cache-only hand raise for meeting: nkow-5j5z-eie
2026-01-27 18:58:56,372 [INFO] start_meeting_hand_raise:100 - ✋ Started cache-only hand raise for meeting: nkow-5j5z-eie
2026-01-27 18:58:58,406 [INFO] start_meeting_hand_raise:100 - ✋ Started cache-only hand raise for meeting: nkow-5j5z-eie
2026-01-27 18:59:00,367 [INFO] start_meeting_hand_raise:100 - ✋ Started cache-only hand raise for meeting: nkow-5j5z-eie
2026-01-27 18:59:02,371 [INFO] start_meeting_hand_raise:100 - ✋ Started cache-only hand raise for meeting: nkow-5j5z-eie
2026-01-27 18:59:04,406 [INFO] start_meeting_hand_raise:100 - ✋ Started cache-only hand raise for meeting: nkow-5j5z-eie
2026-01-27 18:59:06,366 [INFO] start_meeting_hand_raise:100 - ✋ Started cache-only hand raise for meeting: nkow-5j5z-eie
2026-01-27 18:59:08,372 [INFO] start_meeting_hand_raise:100 - ✋ Started cache-only hand raise for meeting: nkow-5j5z-eie
2026-01-27 18:59:10,390 [INFO] start_meeting_hand_raise:100 - ✋ Started cache-only hand raise for meeting: nkow-5j5z-eie
2026-01-27 18:59:12,374 [INFO] start_meeting_hand_raise:100 - ✋ Started cache-only hand raise for meeting: nkow-5j5z-eie
2026-01-27 18:59:14,377 [INFO] start_meeting_hand_raise:100 - ✋ Started cache-only hand raise for meeting: nkow-5j5z-eie
2026-01-27 18:59:16,372 [INFO] start_meeting_hand_raise:100 - ✋ Started cache-only hand raise for meeting: nkow-5j5z-eie
2026-01-27 18:59:18,375 [INFO] start_meeting_hand_raise:100 - ✋ Started cache-only hand raise for meeting: nkow-5j5z-eie
2026-01-27 18:59:20,373 [INFO] start_meeting_hand_raise:100 - ✋ Started cache-only hand raise for meeting: nkow-5j5z-eie
2026-01-27 18:59:22,373 [INFO] start_meeting_hand_raise:100 - ✋ Started cache-only hand raise for meeting: nkow-5j5z-eie
2026-01-27 18:59:24,378 [INFO] start_meeting_hand_raise:100 - ✋ Started cache-only hand raise for meeting: nkow-5j5z-eie
2026-01-27 18:59:26,374 [INFO] start_meeting_hand_raise:100 - ✋ Started cache-only hand raise for meeting: nkow-5j5z-eie
2026-01-27 18:59:28,371 [INFO] start_meeting_hand_raise:100 - ✋ Started cache-only hand raise for meeting: nkow-5j5z-eie
2026-01-27 18:59:30,390 [INFO] start_meeting_hand_raise:100 - ✋ Started cache-only hand raise for meeting: nkow-5j5z-eie
2026-01-27 18:59:32,393 [INFO] start_meeting_hand_raise:100 - ✋ Started cache-only hand raise for meeting: nkow-5j5z-eie
2026-01-27 18:59:34,371 [INFO] start_meeting_hand_raise:100 - ✋ Started cache-only hand raise for meeting: nkow-5j5z-eie
2026-01-27 18:59:36,371 [INFO] start_meeting_hand_raise:100 - ✋ Started cache-only hand raise for meeting: nkow-5j5z-eie
2026-01-27 18:59:38,374 [INFO] start_meeting_hand_raise:100 - ✋ Started cache-only hand raise for meeting: nkow-5j5z-eie
2026-01-27 18:59:40,364 [INFO] start_meeting_hand_raise:100 - ✋ Started cache-only hand raise for meeting: nkow-5j5z-eie
2026-01-27 18:59:42,371 [INFO] start_meeting_hand_raise:100 - ✋ Started cache-only hand raise for meeting: nkow-5j5z-eie
2026-01-27 18:59:44,363 [INFO] start_meeting_hand_raise:100 - ✋ Started cache-only hand raise for meeting: nkow-5j5z-eie
2026-01-27 18:59:46,364 [INFO] start_meeting_hand_raise:100 - ✋ Started cache-only hand raise for meeting: nkow-5j5z-eie
2026-01-27 18:59:48,364 [INFO] start_meeting_hand_raise:100 - ✋ Started cache-only hand raise for meeting: nkow-5j5z-eie
2026-01-27 18:59:50,371 [INFO] start_meeting_hand_raise:100 - ✋ Started cache-only hand raise for meeting: nkow-5j5z-eie
2026-01-27 18:59:52,373 [INFO] start_meeting_hand_raise:100 - ✋ Started cache-only hand raise for meeting: nkow-5j5z-eie
2026-01-27 18:59:54,363 [INFO] start_meeting_hand_raise:100 - ✋ Started cache-only hand raise for meeting: nkow-5j5z-eie
2026-01-27 18:59:56,372 [INFO] start_meeting_hand_raise:100 - ✋ Started cache-only hand raise for meeting: nkow-5j5z-eie
2026-01-27 18:59:58,372 [INFO] start_meeting_hand_raise:100 - ✋ Started cache-only hand raise for meeting: nkow-5j5z-eie
2026-01-27 19:00:00,371 [INFO] start_meeting_hand_raise:100 - ✋ Started cache-only hand raise for meeting: nkow-5j5z-eie
2026-01-27 19:00:02,371 [INFO] start_meeting_hand_raise:100 - ✋ Started cache-only hand raise for meeting: nkow-5j5z-eie
2026-01-27 19:00:04,373 [INFO] start_meeting_hand_raise:100 - ✋ Started cache-only hand raise for meeting: nkow-5j5z-eie
2026-01-27 19:00:06,371 [INFO] start_meeting_hand_raise:100 - ✋ Started cache-only hand raise for meeting: nkow-5j5z-eie
2026-01-27 19:00:08,371 [INFO] start_meeting_hand_raise:100 - ✋ Started cache-only hand raise for meeting: nkow-5j5z-eie
2026-01-27 19:00:10,371 [INFO] start_meeting_hand_raise:100 - ✋ Started cache-only hand raise for meeting: nkow-5j5z-eie
2026-01-27 19:00:12,367 [INFO] start_meeting_hand_raise:100 - ✋ Started cache-only hand raise for meeting: nkow-5j5z-eie
2026-01-27 19:00:14,371 [INFO] start_meeting_hand_raise:100 - ✋ Started cache-only hand raise for meeting: nkow-5j5z-eie
2026-01-27 19:00:16,372 [INFO] start_meeting_hand_raise:100 - ✋ Started cache-only hand raise for meeting: nkow-5j5z-eie
2026-01-27 19:00:18,365 [INFO] start_meeting_hand_raise:100 - ✋ Started cache-only hand raise for meeting: nkow-5j5z-eie
2026-01-27 19:00:20,363 [INFO] start_meeting_hand_raise:100 - ✋ Started cache-only hand raise for meeting: nkow-5j5z-eie
2026-01-27 19:00:22,364 [INFO] start_meeting_hand_raise:100 - ✋ Started cache-only hand raise for meeting: nkow-5j5z-eie
2026-01-27 19:00:24,377 [INFO] start_meeting_hand_raise:100 - ✋ Started cache-only hand raise for meeting: nkow-5j5z-eie
2026-01-27 19:00:26,364 [INFO] start_meeting_hand_raise:100 - ✋ Started cache-only hand raise for meeting: nkow-5j5z-eie
2026-01-27 19:00:28,363 [INFO] start_meeting_hand_raise:100 - ✋ Started cache-only hand raise for meeting: nkow-5j5z-eie
2026-01-27 19:00:30,364 [INFO] start_meeting_hand_raise:100 - ✋ Started cache-only hand raise for meeting: nkow-5j5z-eie
2026-01-27 19:00:32,363 [INFO] start_meeting_hand_raise:100 - ✋ Started cache-only hand raise for meeting: nkow-5j5z-eie
2026-01-27 19:00:34,371 [INFO] start_meeting_hand_raise:100 - ✋ Started cache-only hand raise for meeting: nkow-5j5z-eie
2026-01-27 19:00:36,371 [INFO] start_meeting_hand_raise:100 - ✋ Started cache-only hand raise for meeting: nkow-5j5z-eie
2026-01-27 19:00:38,374 [INFO] start_meeting_hand_raise:100 - ✋ Started cache-only hand raise for meeting: nkow-5j5z-eie
2026-01-27 19:00:40,373 [INFO] start_meeting_hand_raise:100 - ✋ Started cache-only hand raise for meeting: nkow-5j5z-eie
2026-01-27 19:00:42,363 [INFO] start_meeting_hand_raise:100 - ✋ Started cache-only hand raise for meeting: nkow-5j5z-eie
2026-01-27 19:00:44,371 [INFO] start_meeting_hand_raise:100 - ✋ Started cache-only hand raise for meeting: nkow-5j5z-eie
2026-01-27 19:00:46,374 [INFO] start_meeting_hand_raise:100 - ✋ Started cache-only hand raise for meeting: nkow-5j5z-eie
2026-01-27 19:00:48,393 [INFO] start_meeting_hand_raise:100 - ✋ Started cache-only hand raise for meeting: nkow-5j5z-eie
2026-01-27 19:00:50,382 [INFO] start_meeting_hand_raise:100 - ✋ Started cache-only hand raise for meeting: nkow-5j5z-eie
2026-01-27 19:00:52,364 [INFO] start_meeting_hand_raise:100 - ✋ Started cache-only hand raise for meeting: nkow-5j5z-eie
2026-01-27 19:00:54,371 [INFO] start_meeting_hand_raise:100 - ✋ Started cache-only hand raise for meeting: nkow-5j5z-eie
2026-01-27 19:00:56,362 [INFO] start_meeting_hand_raise:100 - ✋ Started cache-only hand raise for meeting: nkow-5j5z-eie
2026-01-27 19:00:58,364 [INFO] start_meeting_hand_raise:100 - ✋ Started cache-only hand raise for meeting: nkow-5j5z-eie
2026-01-27 19:01:00,365 [INFO] start_meeting_hand_raise:100 - ✋ Started cache-only hand raise for meeting: nkow-5j5z-eie
2026-01-27 19:01:02,455 [INFO] start_meeting_hand_raise:100 - ✋ Started cache-only hand raise for meeting: nkow-5j5z-eie
2026-01-27 19:01:04,364 [INFO] start_meeting_hand_raise:100 - ✋ Started cache-only hand raise for meeting: nkow-5j5z-eie
2026-01-27 19:01:06,363 [INFO] start_meeting_hand_raise:100 - ✋ Started cache-only hand raise for meeting: nkow-5j5z-eie
2026-01-27 19:01:08,370 [INFO] start_meeting_hand_raise:100 - ✋ Started cache-only hand raise for meeting: nkow-5j5z-eie
2026-01-27 19:01:10,380 [INFO] start_meeting_hand_raise:100 - ✋ Started cache-only hand raise for meeting: nkow-5j5z-eie
2026-01-27 19:01:12,372 [INFO] start_meeting_hand_raise:100 - ✋ Started cache-only hand raise for meeting: nkow-5j5z-eie
2026-01-27 19:01:14,374 [INFO] start_meeting_hand_raise:100 - ✋ Started cache-only hand raise for meeting: nkow-5j5z-eie
2026-01-27 19:01:16,372 [INFO] start_meeting_hand_raise:100 - ✋ Started cache-only hand raise for meeting: nkow-5j5z-eie
2026-01-27 19:01:18,373 [INFO] start_meeting_hand_raise:100 - ✋ Started cache-only hand raise for meeting: nkow-5j5z-eie
2026-01-27 19:01:20,373 [INFO] start_meeting_hand_raise:100 - ✋ Started cache-only hand raise for meeting: nkow-5j5z-eie
2026-01-27 19:01:22,371 [INFO] start_meeting_hand_raise:100 - ✋ Started cache-only hand raise for meeting: nkow-5j5z-eie
2026-01-27 19:01:24,374 [INFO] start_meeting_hand_raise:100 - ✋ Started cache-only hand raise for meeting: nkow-5j5z-eie
2026-01-27 19:01:26,440 [INFO] start_meeting_hand_raise:100 - ✋ Started cache-only hand raise for meeting: nkow-5j5z-eie
2026-01-27 19:01:28,382 [INFO] start_meeting_hand_raise:100 - ✋ Started cache-only hand raise for meeting: nkow-5j5z-eie
2026-01-27 19:01:30,363 [INFO] start_meeting_hand_raise:100 - ✋ Started cache-only hand raise for meeting: nkow-5j5z-eie
2026-01-27 19:01:32,373 [INFO] start_meeting_hand_raise:100 - ✋ Started cache-only hand raise for meeting: nkow-5j5z-eie
2026-01-27 19:01:34,372 [INFO] start_meeting_hand_raise:100 - ✋ Started cache-only hand raise for meeting: nkow-5j5z-eie
2026-01-27 19:01:36,371 [INFO] start_meeting_hand_raise:100 - ✋ Started cache-only hand raise for meeting: nkow-5j5z-eie
2026-01-27 19:01:38,372 [INFO] start_meeting_hand_raise:100 - ✋ Started cache-only hand raise for meeting: nkow-5j5z-eie
2026-01-27 19:01:40,372 [INFO] start_meeting_hand_raise:100 - ✋ Started cache-only hand raise for meeting: nkow-5j5z-eie
2026-01-27 19:01:42,378 [INFO] start_meeting_hand_raise:100 - ✋ Started cache-only hand raise for meeting: nkow-5j5z-eie
2026-01-27 19:01:44,372 [INFO] start_meeting_hand_raise:100 - ✋ Started cache-only hand raise for meeting: nkow-5j5z-eie
2026-01-27 19:01:46,365 [INFO] start_meeting_hand_raise:100 - ✋ Started cache-only hand raise for meeting: nkow-5j5z-eie
2026-01-27 19:01:48,365 [INFO] start_meeting_hand_raise:100 - ✋ Started cache-only hand raise for meeting: nkow-5j5z-eie
2026-01-27 19:01:50,364 [INFO] start_meeting_hand_raise:100 - ✋ Started cache-only hand raise for meeting: nkow-5j5z-eie
2026-01-27 19:01:52,367 [INFO] start_meeting_hand_raise:100 - ✋ Started cache-only hand raise for meeting: nkow-5j5z-eie
2026-01-27 19:01:54,373 [INFO] start_meeting_hand_raise:100 - ✋ Started cache-only hand raise for meeting: nkow-5j5z-eie
2026-01-27 19:01:56,371 [INFO] start_meeting_hand_raise:100 - ✋ Started cache-only hand raise for meeting: nkow-5j5z-eie
2026-01-27 19:01:58,372 [INFO] start_meeting_hand_raise:100 - ✋ Started cache-only hand raise for meeting: nkow-5j5z-eie
2026-01-27 19:02:00,372 [INFO] start_meeting_hand_raise:100 - ✋ Started cache-only hand raise for meeting: nkow-5j5z-eie
2026-01-27 19:02:02,374 [INFO] start_meeting_hand_raise:100 - ✋ Started cache-only hand raise for meeting: nkow-5j5z-eie
2026-01-27 19:02:04,372 [INFO] start_meeting_hand_raise:100 - ✋ Started cache-only hand raise for meeting: nkow-5j5z-eie
2026-01-27 19:02:06,371 [INFO] start_meeting_hand_raise:100 - ✋ Started cache-only hand raise for meeting: nkow-5j5z-eie
2026-01-27 19:02:08,371 [INFO] start_meeting_hand_raise:100 - ✋ Started cache-only hand raise for meeting: nkow-5j5z-eie
2026-01-27 19:02:10,374 [INFO] start_meeting_hand_raise:100 - ✋ Started cache-only hand raise for meeting: nkow-5j5z-eie
2026-01-27 19:02:12,549 [INFO] start_meeting_hand_raise:100 - ✋ Started cache-only hand raise for meeting: nkow-5j5z-eie
2026-01-27 19:02:14,374 [INFO] start_meeting_hand_raise:100 - ✋ Started cache-only hand raise for meeting: nkow-5j5z-eie
2026-01-27 19:02:16,372 [INFO] start_meeting_hand_raise:100 - ✋ Started cache-only hand raise for meeting: nkow-5j5z-eie
2026-01-27 19:02:18,486 [INFO] start_meeting_hand_raise:100 - ✋ Started cache-only hand raise for meeting: nkow-5j5z-eie
2026-01-27 19:02:20,374 [INFO] start_meeting_hand_raise:100 - ✋ Started cache-only hand raise for meeting: nkow-5j5z-eie
2026-01-27 19:02:22,375 [INFO] start_meeting_hand_raise:100 - ✋ Started cache-only hand raise for meeting: nkow-5j5z-eie
2026-01-27 19:02:24,599 [INFO] start_meeting_hand_raise:100 - ✋ Started cache-only hand raise for meeting: nkow-5j5z-eie
2026-01-27 19:02:26,418 [INFO] start_meeting_hand_raise:100 - ✋ Started cache-only hand raise for meeting: nkow-5j5z-eie
2026-01-27 19:02:28,384 [INFO] start_meeting_hand_raise:100 - ✋ Started cache-only hand raise for meeting: nkow-5j5z-eie
2026-01-27 19:02:30,389 [INFO] start_meeting_hand_raise:100 - ✋ Started cache-only hand raise for meeting: nkow-5j5z-eie
