2026-01-26 10:19:48,940 [INFO] configure_enhanced_logging:583 - ✅ Enhanced cache chat logging active
2026-01-26 10:19:53,177 [INFO] <module>:59 - ✅ Redis connection pool initialized successfully
2026-01-26 10:19:53,178 [INFO] __init__:203 - 🗨 Enhanced cache-only chat manager initialized: Enabled
2026-01-26 10:20:21,403 [INFO] configure_enhanced_logging:583 - ✅ Enhanced cache chat logging active
2026-01-26 10:20:24,181 [INFO] <module>:59 - ✅ Redis connection pool initialized successfully
2026-01-26 10:20:24,182 [INFO] __init__:203 - 🗨 Enhanced cache-only chat manager initialized: Enabled
2026-01-26 12:33:11,790 [INFO] configure_enhanced_logging:583 - ✅ Enhanced cache chat logging active
2026-01-26 12:33:15,563 [INFO] <module>:59 - ✅ Redis connection pool initialized successfully
2026-01-26 12:33:15,563 [INFO] __init__:203 - 🗨 Enhanced cache-only chat manager initialized: Enabled
2026-01-26 12:33:42,750 [INFO] configure_enhanced_logging:583 - ✅ Enhanced cache chat logging active
2026-01-26 12:33:45,024 [INFO] <module>:59 - ✅ Redis connection pool initialized successfully
2026-01-26 12:33:45,024 [INFO] __init__:203 - 🗨 Enhanced cache-only chat manager initialized: Enabled
2026-01-26 12:41:18,502 [INFO] configure_enhanced_logging:583 - ✅ Enhanced cache chat logging active
2026-01-26 12:43:35,675 [INFO] configure_enhanced_logging:583 - ✅ Enhanced cache chat logging active
2026-01-26 12:43:37,844 [INFO] <module>:59 - ✅ Redis connection pool initialized successfully
2026-01-26 12:43:37,845 [INFO] __init__:203 - 🗨 Enhanced cache-only chat manager initialized: Enabled
2026-01-26 12:43:54,714 [INFO] configure_enhanced_logging:583 - ✅ Enhanced cache chat logging active
2026-01-26 12:43:56,885 [INFO] <module>:59 - ✅ Redis connection pool initialized successfully
2026-01-26 12:43:56,885 [INFO] __init__:203 - 🗨 Enhanced cache-only chat manager initialized: Enabled
2026-01-26 13:06:15,190 [INFO] configure_enhanced_logging:583 - ✅ Enhanced cache chat logging active
2026-01-26 13:06:17,636 [INFO] <module>:59 - ✅ Redis connection pool initialized successfully
2026-01-26 13:06:17,636 [INFO] __init__:203 - 🗨 Enhanced cache-only chat manager initialized: Enabled
2026-01-26 13:09:59,228 [INFO] configure_enhanced_logging:583 - ✅ Enhanced cache chat logging active
2026-01-26 13:10:03,438 [INFO] <module>:59 - ✅ Redis connection pool initialized successfully
2026-01-26 13:10:03,438 [INFO] __init__:203 - 🗨 Enhanced cache-only chat manager initialized: Enabled
2026-01-26 13:10:18,978 [INFO] configure_enhanced_logging:583 - ✅ Enhanced cache chat logging active
2026-01-26 13:10:22,448 [INFO] <module>:59 - ✅ Redis connection pool initialized successfully
2026-01-26 13:10:22,448 [INFO] __init__:203 - 🗨 Enhanced cache-only chat manager initialized: Enabled
2026-01-26 13:11:29,013 [INFO] configure_enhanced_logging:583 - ✅ Enhanced cache chat logging active
2026-01-26 13:11:31,013 [INFO] <module>:59 - ✅ Redis connection pool initialized successfully
2026-01-26 13:11:31,014 [INFO] __init__:203 - 🗨 Enhanced cache-only chat manager initialized: Enabled
2026-01-26 13:11:48,036 [INFO] configure_enhanced_logging:583 - ✅ Enhanced cache chat logging active
2026-01-26 13:11:50,080 [INFO] <module>:59 - ✅ Redis connection pool initialized successfully
2026-01-26 13:11:50,080 [INFO] __init__:203 - 🗨 Enhanced cache-only chat manager initialized: Enabled
2026-01-26 13:18:49,191 [INFO] configure_enhanced_logging:583 - ✅ Enhanced cache chat logging active
2026-01-26 13:18:51,697 [INFO] <module>:59 - ✅ Redis connection pool initialized successfully
2026-01-26 13:18:51,697 [INFO] __init__:203 - 🗨 Enhanced cache-only chat manager initialized: Enabled
2026-01-26 13:19:06,967 [INFO] configure_enhanced_logging:583 - ✅ Enhanced cache chat logging active
2026-01-26 13:19:09,246 [INFO] <module>:59 - ✅ Redis connection pool initialized successfully
2026-01-26 13:19:09,247 [INFO] __init__:203 - 🗨 Enhanced cache-only chat manager initialized: Enabled
2026-01-26 14:34:24,805 [INFO] configure_enhanced_logging:583 - ✅ Enhanced cache chat logging active
2026-01-26 14:34:26,751 [INFO] <module>:59 - ✅ Redis connection pool initialized successfully
2026-01-26 14:34:26,752 [INFO] __init__:203 - 🗨 Enhanced cache-only chat manager initialized: Enabled
2026-01-26 14:34:41,899 [INFO] configure_enhanced_logging:583 - ✅ Enhanced cache chat logging active
2026-01-26 14:34:43,903 [INFO] <module>:59 - ✅ Redis connection pool initialized successfully
2026-01-26 14:34:43,903 [INFO] __init__:203 - 🗨 Enhanced cache-only chat manager initialized: Enabled
2026-01-26 15:17:37,137 [INFO] configure_enhanced_logging:583 - ✅ Enhanced cache chat logging active
2026-01-26 15:17:39,338 [INFO] <module>:59 - ✅ Redis connection pool initialized successfully
2026-01-26 15:17:39,339 [INFO] __init__:203 - 🗨 Enhanced cache-only chat manager initialized: Enabled
2026-01-26 15:19:27,857 [INFO] configure_enhanced_logging:583 - ✅ Enhanced cache chat logging active
2026-01-26 15:19:30,251 [INFO] <module>:59 - ✅ Redis connection pool initialized successfully
2026-01-26 15:19:30,252 [INFO] __init__:203 - 🗨 Enhanced cache-only chat manager initialized: Enabled
2026-01-26 15:19:57,910 [INFO] configure_enhanced_logging:583 - ✅ Enhanced cache chat logging active
2026-01-26 15:20:01,171 [INFO] <module>:59 - ✅ Redis connection pool initialized successfully
2026-01-26 15:20:01,171 [INFO] __init__:203 - 🗨 Enhanced cache-only chat manager initialized: Enabled
2026-01-26 15:20:17,041 [INFO] configure_enhanced_logging:583 - ✅ Enhanced cache chat logging active
2026-01-26 15:20:20,763 [INFO] <module>:59 - ✅ Redis connection pool initialized successfully
2026-01-26 15:20:20,763 [INFO] __init__:203 - 🗨 Enhanced cache-only chat manager initialized: Enabled
2026-01-27 10:14:30,248 [INFO] configure_enhanced_logging:583 - ✅ Enhanced cache chat logging active
2026-01-27 10:14:35,027 [INFO] <module>:59 - ✅ Redis connection pool initialized successfully
2026-01-27 10:14:35,028 [INFO] __init__:203 - 🗨 Enhanced cache-only chat manager initialized: Enabled
2026-01-27 10:15:02,709 [INFO] configure_enhanced_logging:583 - ✅ Enhanced cache chat logging active
2026-01-27 10:15:04,968 [INFO] <module>:59 - ✅ Redis connection pool initialized successfully
2026-01-27 10:15:04,968 [INFO] __init__:203 - 🗨 Enhanced cache-only chat manager initialized: Enabled
2026-01-27 10:32:32,103 [INFO] configure_enhanced_logging:583 - ✅ Enhanced cache chat logging active
2026-01-27 10:32:34,627 [INFO] <module>:59 - ✅ Redis connection pool initialized successfully
2026-01-27 10:32:34,627 [INFO] __init__:203 - 🗨 Enhanced cache-only chat manager initialized: Enabled
2026-01-27 10:32:49,528 [INFO] configure_enhanced_logging:583 - ✅ Enhanced cache chat logging active
2026-01-27 10:32:52,158 [INFO] <module>:59 - ✅ Redis connection pool initialized successfully
2026-01-27 10:32:52,158 [INFO] __init__:203 - 🗨 Enhanced cache-only chat manager initialized: Enabled
2026-01-27 10:38:10,873 [INFO] configure_enhanced_logging:583 - ✅ Enhanced cache chat logging active
2026-01-27 10:38:15,946 [INFO] <module>:59 - ✅ Redis connection pool initialized successfully
2026-01-27 10:38:15,946 [INFO] __init__:203 - 🗨 Enhanced cache-only chat manager initialized: Enabled
2026-01-27 10:38:32,468 [INFO] configure_enhanced_logging:583 - ✅ Enhanced cache chat logging active
2026-01-27 10:38:35,188 [INFO] <module>:59 - ✅ Redis connection pool initialized successfully
2026-01-27 10:38:35,188 [INFO] __init__:203 - 🗨 Enhanced cache-only chat manager initialized: Enabled
2026-01-27 18:48:01,955 [INFO] configure_enhanced_logging:583 - ✅ Enhanced cache chat logging active
2026-01-27 18:48:04,551 [INFO] <module>:59 - ✅ Redis connection pool initialized successfully
2026-01-27 18:48:04,552 [INFO] __init__:256 - 🗨 Enhanced cache-only chat manager initialized: Enabled
2026-01-27 18:48:18,984 [INFO] configure_enhanced_logging:583 - ✅ Enhanced cache chat logging active
2026-01-27 18:48:21,183 [INFO] <module>:59 - ✅ Redis connection pool initialized successfully
2026-01-27 18:48:21,184 [INFO] __init__:256 - 🗨 Enhanced cache-only chat manager initialized: Enabled
2026-01-27 18:51:32,605 [INFO] start_meeting_chat:339 - 🎬 Started enhanced cache-only chat for meeting: d7ui-3y98-2l5
2026-01-27 18:53:16,890 [INFO] start_meeting_chat:339 - 🎬 Started enhanced cache-only chat for meeting: nkow-5j5z-eie
2026-01-27 18:54:00,009 [INFO] start_meeting_chat:339 - 🎬 Started enhanced cache-only chat for meeting: nkow-5j5z-eie
2026-01-27 18:54:00,025 [INFO] start_meeting_chat:339 - 🎬 Started enhanced cache-only chat for meeting: nkow-5j5z-eie
2026-01-27 18:54:01,967 [INFO] start_meeting_chat:339 - 🎬 Started enhanced cache-only chat for meeting: nkow-5j5z-eie
2026-01-27 18:54:01,979 [INFO] start_meeting_chat:339 - 🎬 Started enhanced cache-only chat for meeting: nkow-5j5z-eie
2026-01-27 18:54:04,511 [INFO] add_message:390 - 📝 Message added: 1769520244511_94224 (private: False)
2026-01-27 18:54:22,090 [INFO] upload_chat_file:1017 - 📎 File upload - is_private string: 'false' -> boolean: False
2026-01-27 18:54:22,090 [INFO] upload_chat_file:1037 - 📎 File upload - Parsed recipients:
2026-01-27 18:54:22,090 [INFO] upload_chat_file:1038 -    - Recipients string from client: []
2026-01-27 18:54:22,090 [INFO] upload_chat_file:1039 -    - Parsed recipients list: []
2026-01-27 18:54:22,090 [INFO] upload_chat_file:1040 -    - Is Private: False
2026-01-27 18:54:22,090 [INFO] upload_chat_file:1041 -    - Recipients count: 0
2026-01-27 18:54:22,090 [INFO] upload_chat_file:1055 - 📎 File upload debug info:
2026-01-27 18:54:22,091 [INFO] upload_chat_file:1056 -    - Original filename: emails.xlsx
2026-01-27 18:54:22,091 [INFO] upload_chat_file:1057 -    - Content type: application/vnd.openxmlformats-officedocument.spreadsheetml.sheet
2026-01-27 18:54:22,091 [INFO] upload_chat_file:1058 -    - File size: 9102
2026-01-27 18:54:22,091 [INFO] upload_chat_file:1059 -    - Is private: False
2026-01-27 18:54:22,091 [INFO] upload_chat_file:1060 -    - Recipients: []
2026-01-27 18:54:22,091 [INFO] upload_chat_file:1065 -    - Bytes read: 9102
2026-01-27 18:54:22,091 [INFO] upload_chat_file:1078 - 📤 Starting upload: emails.xlsx (9102 bytes)
2026-01-27 18:54:22,094 [INFO] add_message:390 - 📝 Message added: 1769520262094_62971 (private: False)
2026-01-27 18:54:22,094 [INFO] upload_file:504 - 📎 File uploaded: emails.xlsx (9102 bytes, private: False)
2026-01-27 18:54:22,094 [INFO] upload_chat_file:1093 - ✅ File upload successful: emails.xlsx
2026-01-27 18:54:22,094 [INFO] upload_chat_file:1094 -    - Response is_private: False
2026-01-27 18:54:22,095 [INFO] upload_chat_file:1095 -    - Response recipients: []
2026-01-27 18:54:26,278 [INFO] upload_chat_file:1017 - 📎 File upload - is_private string: 'false' -> boolean: False
2026-01-27 18:54:26,278 [INFO] upload_chat_file:1037 - 📎 File upload - Parsed recipients:
2026-01-27 18:54:26,278 [INFO] upload_chat_file:1038 -    - Recipients string from client: []
2026-01-27 18:54:26,279 [INFO] upload_chat_file:1039 -    - Parsed recipients list: []
2026-01-27 18:54:26,279 [INFO] upload_chat_file:1040 -    - Is Private: False
2026-01-27 18:54:26,279 [INFO] upload_chat_file:1041 -    - Recipients count: 0
2026-01-27 18:54:26,280 [INFO] upload_chat_file:1055 - 📎 File upload debug info:
2026-01-27 18:54:26,280 [INFO] upload_chat_file:1056 -    - Original filename: MEETINGAPP.zip
2026-01-27 18:54:26,281 [INFO] upload_chat_file:1057 -    - Content type: application/zip
2026-01-27 18:54:26,281 [INFO] upload_chat_file:1058 -    - File size: 1368715
2026-01-27 18:54:26,281 [INFO] upload_chat_file:1059 -    - Is private: False
2026-01-27 18:54:26,281 [INFO] upload_chat_file:1060 -    - Recipients: []
2026-01-27 18:54:26,282 [INFO] upload_chat_file:1065 -    - Bytes read: 1368715
2026-01-27 18:54:26,282 [INFO] upload_chat_file:1078 - 📤 Starting upload: MEETINGAPP.zip (1368715 bytes)
2026-01-27 18:54:26,295 [INFO] upload_file:443 - 📦 Stored file in 2 chunks
2026-01-27 18:54:26,299 [INFO] add_message:390 - 📝 Message added: 1769520266297_83315 (private: False)
2026-01-27 18:54:26,300 [INFO] upload_file:504 - 📎 File uploaded: MEETINGAPP.zip (1368715 bytes, private: False)
2026-01-27 18:54:26,300 [INFO] upload_chat_file:1093 - ✅ File upload successful: MEETINGAPP.zip
2026-01-27 18:54:26,300 [INFO] upload_chat_file:1094 -    - Response is_private: False
2026-01-27 18:54:26,300 [INFO] upload_chat_file:1095 -    - Response recipients: []
2026-01-27 18:54:28,536 [INFO] upload_chat_file:1017 - 📎 File upload - is_private string: 'false' -> boolean: False
2026-01-27 18:54:28,536 [INFO] upload_chat_file:1037 - 📎 File upload - Parsed recipients:
2026-01-27 18:54:28,536 [INFO] upload_chat_file:1038 -    - Recipients string from client: []
2026-01-27 18:54:28,536 [INFO] upload_chat_file:1039 -    - Parsed recipients list: []
2026-01-27 18:54:28,536 [INFO] upload_chat_file:1040 -    - Is Private: False
2026-01-27 18:54:28,537 [INFO] upload_chat_file:1041 -    - Recipients count: 0
2026-01-27 18:54:28,537 [INFO] upload_chat_file:1055 - 📎 File upload debug info:
2026-01-27 18:54:28,537 [INFO] upload_chat_file:1056 -    - Original filename: participant_report_Boby_2026-01-27.pdf
2026-01-27 18:54:28,537 [INFO] upload_chat_file:1057 -    - Content type: application/pdf
2026-01-27 18:54:28,537 [INFO] upload_chat_file:1058 -    - File size: 2363
2026-01-27 18:54:28,537 [INFO] upload_chat_file:1059 -    - Is private: False
2026-01-27 18:54:28,537 [INFO] upload_chat_file:1060 -    - Recipients: []
2026-01-27 18:54:28,538 [INFO] upload_chat_file:1065 -    - Bytes read: 2363
2026-01-27 18:54:28,538 [INFO] upload_chat_file:1078 - 📤 Starting upload: participant_report_Boby_2026-01-27.pdf (2363 bytes)
2026-01-27 18:54:28,540 [INFO] add_message:390 - 📝 Message added: 1769520268540_73473 (private: False)
2026-01-27 18:54:28,541 [INFO] upload_file:504 - 📎 File uploaded: participant_report_Boby_2026-01-27.pdf (2363 bytes, private: False)
2026-01-27 18:54:28,541 [INFO] upload_chat_file:1093 - ✅ File upload successful: participant_report_Boby_2026-01-27.pdf
2026-01-27 18:54:28,541 [INFO] upload_chat_file:1094 -    - Response is_private: False
2026-01-27 18:54:28,541 [INFO] upload_chat_file:1095 -    - Response recipients: []
2026-01-27 18:54:37,449 [INFO] upload_chat_file:1017 - 📎 File upload - is_private string: 'false' -> boolean: False
2026-01-27 18:54:37,451 [INFO] upload_chat_file:1037 - 📎 File upload - Parsed recipients:
2026-01-27 18:54:37,453 [INFO] upload_chat_file:1038 -    - Recipients string from client: []
2026-01-27 18:54:37,453 [INFO] upload_chat_file:1039 -    - Parsed recipients list: []
2026-01-27 18:54:37,453 [INFO] upload_chat_file:1040 -    - Is Private: False
2026-01-27 18:54:37,454 [INFO] upload_chat_file:1041 -    - Recipients count: 0
2026-01-27 18:54:37,454 [INFO] upload_chat_file:1055 - 📎 File upload debug info:
2026-01-27 18:54:37,455 [INFO] upload_chat_file:1056 -    - Original filename: Organization_Management_System_Professional.docx
2026-01-27 18:54:37,455 [INFO] upload_chat_file:1057 -    - Content type: application/vnd.openxmlformats-officedocument.wordprocessingml.document
2026-01-27 18:54:37,455 [INFO] upload_chat_file:1058 -    - File size: 150483
2026-01-27 18:54:37,455 [INFO] upload_chat_file:1059 -    - Is private: False
2026-01-27 18:54:37,456 [INFO] upload_chat_file:1060 -    - Recipients: []
2026-01-27 18:54:37,456 [INFO] upload_chat_file:1065 -    - Bytes read: 150483
2026-01-27 18:54:37,456 [INFO] upload_chat_file:1078 - 📤 Starting upload: Organization_Management_System_Professional.docx (150483 bytes)
2026-01-27 18:54:37,463 [INFO] add_message:390 - 📝 Message added: 1769520277462_94787 (private: False)
2026-01-27 18:54:37,463 [INFO] upload_file:504 - 📎 File uploaded: Organization_Management_System_Professional.docx (150483 bytes, private: False)
2026-01-27 18:54:37,463 [INFO] upload_chat_file:1093 - ✅ File upload successful: Organization_Management_System_Professional.docx
2026-01-27 18:54:37,463 [INFO] upload_chat_file:1094 -    - Response is_private: False
2026-01-27 18:54:37,464 [INFO] upload_chat_file:1095 -    - Response recipients: []
2026-01-27 18:57:37,473 [INFO] start_meeting_chat:339 - 🎬 Started enhanced cache-only chat for meeting: nkow-5j5z-eie
